[INFO ] 2020-11-02 11:11:24.642 [main] CnediThreadApplication - Starting CnediThreadApplication on o-PC with PID 156132 (C:\egovframeworkSample\eclipse-jee-neon-2-win32-x86_64\workspace\CnediThread\target\classes started by Administrator in C:\egovframeworkSample\eclipse-jee-neon-2-win32-x86_64\workspace\CnediThread)
[INFO ] 2020-11-02 11:11:24.671 [main] CnediThreadApplication - No active profile set, falling back to default profiles: default
[INFO ] 2020-11-02 11:11:28.263 [main] CnediThreadApplication - Started CnediThreadApplication in 4.065 seconds (JVM running for 8.489)
[INFO ] 2020-11-02 11:11:29.260 [pool-2-thread-2] CargoSmartThread - START Postgressql To Oracle 11:11:29.259
[INFO ] 2020-11-02 11:11:32.543 [pool-2-thread-2] CargoSmartThread - TRACKING SLEEP 11:11:29.259
[INFO ] 2020-11-02 11:11:52.132 [main] CnediThreadApplication - Starting CnediThreadApplication on o-PC with PID 156796 (C:\egovframeworkSample\eclipse-jee-neon-2-win32-x86_64\workspace\CnediThread\target\classes started by Administrator in C:\egovframeworkSample\eclipse-jee-neon-2-win32-x86_64\workspace\CnediThread)
[INFO ] 2020-11-02 11:11:52.135 [main] CnediThreadApplication - No active profile set, falling back to default profiles: default
[INFO ] 2020-11-02 11:11:55.803 [main] CnediThreadApplication - Started CnediThreadApplication in 4.188 seconds (JVM running for 5.144)
[INFO ] 2020-11-02 11:11:56.799 [pool-2-thread-1] CargoSmartThread - START Postgressql To Oracle 11:11:56.799
[INFO ] 2020-11-02 11:11:56.801 [pool-2-thread-1] CargoSmartThread - START TRACKING 11:11:56.799
[ERROR] 2020-11-02 11:12:00.418 [pool-2-thread-1] CargoSmartThread - error
org.springframework.jdbc.BadSqlGrammarException: 
### Error querying database.  Cause: java.sql.SQLSyntaxErrorException: ORA-00904: "B"."STATUS_CUS": 부적합한 식별자

### The error may exist in file [C:\egovframeworkSample\eclipse-jee-neon-2-win32-x86_64\workspace\CnediThread\target\classes\mappers\oracle\CnediMapper.xml]
### The error may involve defaultParameterMap
### The error occurred while setting parameters
### SQL: SELECT b.XML_MSG_ID, b.XMLDOC_SEQ, b.CONT_SEQ, b.EQDCN_8260    FROM SR_HD a, SR_CONT b    WHERE a.DTM10_2380 > TO_CHAR(ADD_MONTHS(SYSDATE, -12), 'YYYYMMDD')    AND a.NADCA_3039 = ?    AND a.XML_MSG_ID = b.XML_MSG_ID    AND a.XMLDOC_SEQ = b.XMLDOC_SEQ    AND b.STATUS_CUS IS NULL
### Cause: java.sql.SQLSyntaxErrorException: ORA-00904: "B"."STATUS_CUS": 부적합한 식별자

; bad SQL grammar []; nested exception is java.sql.SQLSyntaxErrorException: ORA-00904: "B"."STATUS_CUS": 부적합한 식별자

	at org.springframework.jdbc.support.SQLErrorCodeSQLExceptionTranslator.doTranslate(SQLErrorCodeSQLExceptionTranslator.java:231) ~[spring-jdbc-4.3.10.RELEASE.jar:4.3.10.RELEASE]
	at org.springframework.jdbc.support.AbstractFallbackSQLExceptionTranslator.translate(AbstractFallbackSQLExceptionTranslator.java:73) ~[spring-jdbc-4.3.10.RELEASE.jar:4.3.10.RELEASE]
	at org.mybatis.spring.MyBatisExceptionTranslator.translateExceptionIfPossible(MyBatisExceptionTranslator.java:73) ~[mybatis-spring-1.3.1.jar:1.3.1]
	at org.mybatis.spring.SqlSessionTemplate$SqlSessionInterceptor.invoke(SqlSessionTemplate.java:446) ~[mybatis-spring-1.3.1.jar:1.3.1]
	at com.sun.proxy.$Proxy57.selectList(Unknown Source) ~[?:?]
	at org.mybatis.spring.SqlSessionTemplate.selectList(SqlSessionTemplate.java:230) ~[mybatis-spring-1.3.1.jar:1.3.1]
	at com.klnet.application.Db2AbstractDAO.selectList(Db2AbstractDAO.java:68) ~[classes/:?]
	at com.klnet.application.CnediDAO.getTrackingSrCntrList(CnediDAO.java:99) ~[classes/:?]
	at com.klnet.application.CnediDAO$$FastClassBySpringCGLIB$$f5bbdd50.invoke(<generated>) ~[classes/:?]
	at org.springframework.cglib.proxy.MethodProxy.invoke(MethodProxy.java:204) ~[spring-core-4.3.10.RELEASE.jar:4.3.10.RELEASE]
	at org.springframework.aop.framework.CglibAopProxy$CglibMethodInvocation.invokeJoinpoint(CglibAopProxy.java:738) ~[spring-aop-4.3.10.RELEASE.jar:4.3.10.RELEASE]
	at org.springframework.aop.framework.ReflectiveMethodInvocation.proceed(ReflectiveMethodInvocation.java:157) ~[spring-aop-4.3.10.RELEASE.jar:4.3.10.RELEASE]
	at org.springframework.dao.support.PersistenceExceptionTranslationInterceptor.invoke(PersistenceExceptionTranslationInterceptor.java:136) ~[spring-tx-4.3.10.RELEASE.jar:4.3.10.RELEASE]
	at org.springframework.aop.framework.ReflectiveMethodInvocation.proceed(ReflectiveMethodInvocation.java:179) ~[spring-aop-4.3.10.RELEASE.jar:4.3.10.RELEASE]
	at org.springframework.aop.framework.CglibAopProxy$DynamicAdvisedInterceptor.intercept(CglibAopProxy.java:673) ~[spring-aop-4.3.10.RELEASE.jar:4.3.10.RELEASE]
	at com.klnet.application.CnediDAO$$EnhancerBySpringCGLIB$$98a9277c.getTrackingSrCntrList(<generated>) ~[classes/:?]
	at com.klnet.application.CargoSmartThread.selectCargoTracking(CargoSmartThread.java:94) [classes/:?]
	at sun.reflect.NativeMethodAccessorImpl.invoke0(Native Method) ~[?:1.8.0_74]
	at sun.reflect.NativeMethodAccessorImpl.invoke(NativeMethodAccessorImpl.java:62) ~[?:1.8.0_74]
	at sun.reflect.DelegatingMethodAccessorImpl.invoke(DelegatingMethodAccessorImpl.java:43) ~[?:1.8.0_74]
	at java.lang.reflect.Method.invoke(Method.java:498) ~[?:1.8.0_74]
	at org.springframework.scheduling.support.ScheduledMethodRunnable.run(ScheduledMethodRunnable.java:65) [spring-context-4.3.10.RELEASE.jar:4.3.10.RELEASE]
	at org.springframework.scheduling.support.DelegatingErrorHandlingRunnable.run(DelegatingErrorHandlingRunnable.java:54) [spring-context-4.3.10.RELEASE.jar:4.3.10.RELEASE]
	at java.util.concurrent.Executors$RunnableAdapter.call(Executors.java:511) [?:1.8.0_74]
	at java.util.concurrent.FutureTask.runAndReset(FutureTask.java:308) [?:1.8.0_74]
	at java.util.concurrent.ScheduledThreadPoolExecutor$ScheduledFutureTask.access$301(ScheduledThreadPoolExecutor.java:180) [?:1.8.0_74]
	at java.util.concurrent.ScheduledThreadPoolExecutor$ScheduledFutureTask.run(ScheduledThreadPoolExecutor.java:294) [?:1.8.0_74]
	at java.util.concurrent.ThreadPoolExecutor.runWorker(ThreadPoolExecutor.java:1142) [?:1.8.0_74]
	at java.util.concurrent.ThreadPoolExecutor$Worker.run(ThreadPoolExecutor.java:617) [?:1.8.0_74]
	at java.lang.Thread.run(Thread.java:745) [?:1.8.0_74]
Caused by: java.sql.SQLSyntaxErrorException: ORA-00904: "B"."STATUS_CUS": 부적합한 식별자

	at oracle.jdbc.driver.T4CTTIoer.processError(T4CTTIoer.java:452) ~[ojdbc6-11.2.0.2.0.jar:11.2.0.2.0]
	at oracle.jdbc.driver.T4CTTIoer.processError(T4CTTIoer.java:400) ~[ojdbc6-11.2.0.2.0.jar:11.2.0.2.0]
	at oracle.jdbc.driver.T4C8Oall.processError(T4C8Oall.java:884) ~[ojdbc6-11.2.0.2.0.jar:11.2.0.2.0]
	at oracle.jdbc.driver.T4CTTIfun.receive(T4CTTIfun.java:471) ~[ojdbc6-11.2.0.2.0.jar:11.2.0.2.0]
	at oracle.jdbc.driver.T4CTTIfun.doRPC(T4CTTIfun.java:199) ~[ojdbc6-11.2.0.2.0.jar:11.2.0.2.0]
	at oracle.jdbc.driver.T4C8Oall.doOALL(T4C8Oall.java:535) ~[ojdbc6-11.2.0.2.0.jar:11.2.0.2.0]
	at oracle.jdbc.driver.T4CPreparedStatement.doOall8(T4CPreparedStatement.java:238) ~[ojdbc6-11.2.0.2.0.jar:11.2.0.2.0]
	at oracle.jdbc.driver.T4CPreparedStatement.executeForDescribe(T4CPreparedStatement.java:1196) ~[ojdbc6-11.2.0.2.0.jar:11.2.0.2.0]
	at oracle.jdbc.driver.OracleStatement.executeMaybeDescribe(OracleStatement.java:1444) ~[ojdbc6-11.2.0.2.0.jar:11.2.0.2.0]
	at oracle.jdbc.driver.OracleStatement.doExecuteWithTimeout(OracleStatement.java:1662) ~[ojdbc6-11.2.0.2.0.jar:11.2.0.2.0]
	at oracle.jdbc.driver.OraclePreparedStatement.executeInternal(OraclePreparedStatement.java:4364) ~[ojdbc6-11.2.0.2.0.jar:11.2.0.2.0]
	at oracle.jdbc.driver.OraclePreparedStatement.execute(OraclePreparedStatement.java:4587) ~[ojdbc6-11.2.0.2.0.jar:11.2.0.2.0]
	at oracle.jdbc.driver.OraclePreparedStatementWrapper.execute(OraclePreparedStatementWrapper.java:5691) ~[ojdbc6-11.2.0.2.0.jar:11.2.0.2.0]
	at sun.reflect.NativeMethodAccessorImpl.invoke0(Native Method) ~[?:1.8.0_74]
	at sun.reflect.NativeMethodAccessorImpl.invoke(NativeMethodAccessorImpl.java:62) ~[?:1.8.0_74]
	at sun.reflect.DelegatingMethodAccessorImpl.invoke(DelegatingMethodAccessorImpl.java:43) ~[?:1.8.0_74]
	at java.lang.reflect.Method.invoke(Method.java:498) ~[?:1.8.0_74]
	at org.apache.tomcat.jdbc.pool.StatementFacade$StatementProxy.invoke(StatementFacade.java:114) ~[tomcat-jdbc-8.5.16.jar:?]
	at com.sun.proxy.$Proxy70.execute(Unknown Source) ~[?:?]
	at org.apache.ibatis.executor.statement.PreparedStatementHandler.query(PreparedStatementHandler.java:63) ~[mybatis-3.4.4.jar:3.4.4]
	at org.apache.ibatis.executor.statement.RoutingStatementHandler.query(RoutingStatementHandler.java:79) ~[mybatis-3.4.4.jar:3.4.4]
	at org.apache.ibatis.executor.SimpleExecutor.doQuery(SimpleExecutor.java:63) ~[mybatis-3.4.4.jar:3.4.4]
	at org.apache.ibatis.executor.BaseExecutor.queryFromDatabase(BaseExecutor.java:324) ~[mybatis-3.4.4.jar:3.4.4]
	at org.apache.ibatis.executor.BaseExecutor.query(BaseExecutor.java:156) ~[mybatis-3.4.4.jar:3.4.4]
	at org.apache.ibatis.executor.CachingExecutor.query(CachingExecutor.java:109) ~[mybatis-3.4.4.jar:3.4.4]
	at org.apache.ibatis.executor.CachingExecutor.query(CachingExecutor.java:83) ~[mybatis-3.4.4.jar:3.4.4]
	at org.apache.ibatis.session.defaults.DefaultSqlSession.selectList(DefaultSqlSession.java:148) ~[mybatis-3.4.4.jar:3.4.4]
	at org.apache.ibatis.session.defaults.DefaultSqlSession.selectList(DefaultSqlSession.java:141) ~[mybatis-3.4.4.jar:3.4.4]
	at sun.reflect.NativeMethodAccessorImpl.invoke0(Native Method) ~[?:1.8.0_74]
	at sun.reflect.NativeMethodAccessorImpl.invoke(NativeMethodAccessorImpl.java:62) ~[?:1.8.0_74]
	at sun.reflect.DelegatingMethodAccessorImpl.invoke(DelegatingMethodAccessorImpl.java:43) ~[?:1.8.0_74]
	at java.lang.reflect.Method.invoke(Method.java:498) ~[?:1.8.0_74]
	at org.mybatis.spring.SqlSessionTemplate$SqlSessionInterceptor.invoke(SqlSessionTemplate.java:433) ~[mybatis-spring-1.3.1.jar:1.3.1]
	... 26 more
[INFO ] 2020-11-02 11:12:00.449 [pool-2-thread-1] CargoSmartThread - https://apis.cargosmart.com/openapi/cargoes/tracking/COSU?appKey=69338670-9c07-11ea-ae83-7956f3992d4c&scacCode=COSU&cntrNumber=FCIU5812619
[INFO ] 2020-11-02 11:12:00.581 [pool-2-thread-1] CargoSmartThread - End Postgresql To Oracle:
[INFO ] 2020-11-02 11:12:29.411 [main] CnediThreadApplication - Starting CnediThreadApplication on o-PC with PID 156960 (C:\egovframeworkSample\eclipse-jee-neon-2-win32-x86_64\workspace\CnediThread\target\classes started by Administrator in C:\egovframeworkSample\eclipse-jee-neon-2-win32-x86_64\workspace\CnediThread)
[INFO ] 2020-11-02 11:12:29.414 [main] CnediThreadApplication - No active profile set, falling back to default profiles: default
[INFO ] 2020-11-02 11:12:31.880 [main] CnediThreadApplication - Started CnediThreadApplication in 2.921 seconds (JVM running for 3.677)
[INFO ] 2020-11-02 11:12:32.874 [pool-2-thread-1] CargoSmartThread - START Postgressql To Oracle 11:12:32.873
[INFO ] 2020-11-02 11:12:32.875 [pool-2-thread-1] CargoSmartThread - START TRACKING 11:12:32.873
[ERROR] 2020-11-02 11:12:34.938 [pool-2-thread-1] CargoSmartThread - error
org.springframework.jdbc.BadSqlGrammarException: 
### Error querying database.  Cause: java.sql.SQLSyntaxErrorException: ORA-00904: "B"."STATUS_CUS": 부적합한 식별자

### The error may exist in file [C:\egovframeworkSample\eclipse-jee-neon-2-win32-x86_64\workspace\CnediThread\target\classes\mappers\oracle\CnediMapper.xml]
### The error may involve defaultParameterMap
### The error occurred while setting parameters
### SQL: SELECT b.XML_MSG_ID, b.XMLDOC_SEQ, b.CONT_SEQ, b.EQDCN_8260    FROM SR_HD a, SR_CONT b    WHERE a.DTM10_2380 > TO_CHAR(ADD_MONTHS(SYSDATE, -12), 'YYYYMMDD')    AND a.NADCA_3039 = ?    AND a.XML_MSG_ID = b.XML_MSG_ID    AND a.XMLDOC_SEQ = b.XMLDOC_SEQ    AND b.STATUS_CUS IS NULL
### Cause: java.sql.SQLSyntaxErrorException: ORA-00904: "B"."STATUS_CUS": 부적합한 식별자

; bad SQL grammar []; nested exception is java.sql.SQLSyntaxErrorException: ORA-00904: "B"."STATUS_CUS": 부적합한 식별자

	at org.springframework.jdbc.support.SQLErrorCodeSQLExceptionTranslator.doTranslate(SQLErrorCodeSQLExceptionTranslator.java:231) ~[spring-jdbc-4.3.10.RELEASE.jar:4.3.10.RELEASE]
	at org.springframework.jdbc.support.AbstractFallbackSQLExceptionTranslator.translate(AbstractFallbackSQLExceptionTranslator.java:73) ~[spring-jdbc-4.3.10.RELEASE.jar:4.3.10.RELEASE]
	at org.mybatis.spring.MyBatisExceptionTranslator.translateExceptionIfPossible(MyBatisExceptionTranslator.java:73) ~[mybatis-spring-1.3.1.jar:1.3.1]
	at org.mybatis.spring.SqlSessionTemplate$SqlSessionInterceptor.invoke(SqlSessionTemplate.java:446) ~[mybatis-spring-1.3.1.jar:1.3.1]
	at com.sun.proxy.$Proxy57.selectList(Unknown Source) ~[?:?]
	at org.mybatis.spring.SqlSessionTemplate.selectList(SqlSessionTemplate.java:230) ~[mybatis-spring-1.3.1.jar:1.3.1]
	at com.klnet.application.Db2AbstractDAO.selectList(Db2AbstractDAO.java:68) ~[classes/:?]
	at com.klnet.application.CnediDAO.getTrackingSrCntrList(CnediDAO.java:99) ~[classes/:?]
	at com.klnet.application.CnediDAO$$FastClassBySpringCGLIB$$f5bbdd50.invoke(<generated>) ~[classes/:?]
	at org.springframework.cglib.proxy.MethodProxy.invoke(MethodProxy.java:204) ~[spring-core-4.3.10.RELEASE.jar:4.3.10.RELEASE]
	at org.springframework.aop.framework.CglibAopProxy$CglibMethodInvocation.invokeJoinpoint(CglibAopProxy.java:738) ~[spring-aop-4.3.10.RELEASE.jar:4.3.10.RELEASE]
	at org.springframework.aop.framework.ReflectiveMethodInvocation.proceed(ReflectiveMethodInvocation.java:157) ~[spring-aop-4.3.10.RELEASE.jar:4.3.10.RELEASE]
	at org.springframework.dao.support.PersistenceExceptionTranslationInterceptor.invoke(PersistenceExceptionTranslationInterceptor.java:136) ~[spring-tx-4.3.10.RELEASE.jar:4.3.10.RELEASE]
	at org.springframework.aop.framework.ReflectiveMethodInvocation.proceed(ReflectiveMethodInvocation.java:179) ~[spring-aop-4.3.10.RELEASE.jar:4.3.10.RELEASE]
	at org.springframework.aop.framework.CglibAopProxy$DynamicAdvisedInterceptor.intercept(CglibAopProxy.java:673) ~[spring-aop-4.3.10.RELEASE.jar:4.3.10.RELEASE]
	at com.klnet.application.CnediDAO$$EnhancerBySpringCGLIB$$39877133.getTrackingSrCntrList(<generated>) ~[classes/:?]
	at com.klnet.application.CargoSmartThread.selectCargoTracking(CargoSmartThread.java:94) [classes/:?]
	at sun.reflect.NativeMethodAccessorImpl.invoke0(Native Method) ~[?:1.8.0_74]
	at sun.reflect.NativeMethodAccessorImpl.invoke(NativeMethodAccessorImpl.java:62) ~[?:1.8.0_74]
	at sun.reflect.DelegatingMethodAccessorImpl.invoke(DelegatingMethodAccessorImpl.java:43) ~[?:1.8.0_74]
	at java.lang.reflect.Method.invoke(Method.java:498) ~[?:1.8.0_74]
	at org.springframework.scheduling.support.ScheduledMethodRunnable.run(ScheduledMethodRunnable.java:65) [spring-context-4.3.10.RELEASE.jar:4.3.10.RELEASE]
	at org.springframework.scheduling.support.DelegatingErrorHandlingRunnable.run(DelegatingErrorHandlingRunnable.java:54) [spring-context-4.3.10.RELEASE.jar:4.3.10.RELEASE]
	at java.util.concurrent.Executors$RunnableAdapter.call(Executors.java:511) [?:1.8.0_74]
	at java.util.concurrent.FutureTask.runAndReset(FutureTask.java:308) [?:1.8.0_74]
	at java.util.concurrent.ScheduledThreadPoolExecutor$ScheduledFutureTask.access$301(ScheduledThreadPoolExecutor.java:180) [?:1.8.0_74]
	at java.util.concurrent.ScheduledThreadPoolExecutor$ScheduledFutureTask.run(ScheduledThreadPoolExecutor.java:294) [?:1.8.0_74]
	at java.util.concurrent.ThreadPoolExecutor.runWorker(ThreadPoolExecutor.java:1142) [?:1.8.0_74]
	at java.util.concurrent.ThreadPoolExecutor$Worker.run(ThreadPoolExecutor.java:617) [?:1.8.0_74]
	at java.lang.Thread.run(Thread.java:745) [?:1.8.0_74]
Caused by: java.sql.SQLSyntaxErrorException: ORA-00904: "B"."STATUS_CUS": 부적합한 식별자

	at oracle.jdbc.driver.T4CTTIoer.processError(T4CTTIoer.java:452) ~[ojdbc6-11.2.0.2.0.jar:11.2.0.2.0]
	at oracle.jdbc.driver.T4CTTIoer.processError(T4CTTIoer.java:400) ~[ojdbc6-11.2.0.2.0.jar:11.2.0.2.0]
	at oracle.jdbc.driver.T4C8Oall.processError(T4C8Oall.java:884) ~[ojdbc6-11.2.0.2.0.jar:11.2.0.2.0]
	at oracle.jdbc.driver.T4CTTIfun.receive(T4CTTIfun.java:471) ~[ojdbc6-11.2.0.2.0.jar:11.2.0.2.0]
	at oracle.jdbc.driver.T4CTTIfun.doRPC(T4CTTIfun.java:199) ~[ojdbc6-11.2.0.2.0.jar:11.2.0.2.0]
	at oracle.jdbc.driver.T4C8Oall.doOALL(T4C8Oall.java:535) ~[ojdbc6-11.2.0.2.0.jar:11.2.0.2.0]
	at oracle.jdbc.driver.T4CPreparedStatement.doOall8(T4CPreparedStatement.java:238) ~[ojdbc6-11.2.0.2.0.jar:11.2.0.2.0]
	at oracle.jdbc.driver.T4CPreparedStatement.executeForDescribe(T4CPreparedStatement.java:1196) ~[ojdbc6-11.2.0.2.0.jar:11.2.0.2.0]
	at oracle.jdbc.driver.OracleStatement.executeMaybeDescribe(OracleStatement.java:1444) ~[ojdbc6-11.2.0.2.0.jar:11.2.0.2.0]
	at oracle.jdbc.driver.OracleStatement.doExecuteWithTimeout(OracleStatement.java:1662) ~[ojdbc6-11.2.0.2.0.jar:11.2.0.2.0]
	at oracle.jdbc.driver.OraclePreparedStatement.executeInternal(OraclePreparedStatement.java:4364) ~[ojdbc6-11.2.0.2.0.jar:11.2.0.2.0]
	at oracle.jdbc.driver.OraclePreparedStatement.execute(OraclePreparedStatement.java:4587) ~[ojdbc6-11.2.0.2.0.jar:11.2.0.2.0]
	at oracle.jdbc.driver.OraclePreparedStatementWrapper.execute(OraclePreparedStatementWrapper.java:5691) ~[ojdbc6-11.2.0.2.0.jar:11.2.0.2.0]
	at sun.reflect.NativeMethodAccessorImpl.invoke0(Native Method) ~[?:1.8.0_74]
	at sun.reflect.NativeMethodAccessorImpl.invoke(NativeMethodAccessorImpl.java:62) ~[?:1.8.0_74]
	at sun.reflect.DelegatingMethodAccessorImpl.invoke(DelegatingMethodAccessorImpl.java:43) ~[?:1.8.0_74]
	at java.lang.reflect.Method.invoke(Method.java:498) ~[?:1.8.0_74]
	at org.apache.tomcat.jdbc.pool.StatementFacade$StatementProxy.invoke(StatementFacade.java:114) ~[tomcat-jdbc-8.5.16.jar:?]
	at com.sun.proxy.$Proxy70.execute(Unknown Source) ~[?:?]
	at org.apache.ibatis.executor.statement.PreparedStatementHandler.query(PreparedStatementHandler.java:63) ~[mybatis-3.4.4.jar:3.4.4]
	at org.apache.ibatis.executor.statement.RoutingStatementHandler.query(RoutingStatementHandler.java:79) ~[mybatis-3.4.4.jar:3.4.4]
	at org.apache.ibatis.executor.SimpleExecutor.doQuery(SimpleExecutor.java:63) ~[mybatis-3.4.4.jar:3.4.4]
	at org.apache.ibatis.executor.BaseExecutor.queryFromDatabase(BaseExecutor.java:324) ~[mybatis-3.4.4.jar:3.4.4]
	at org.apache.ibatis.executor.BaseExecutor.query(BaseExecutor.java:156) ~[mybatis-3.4.4.jar:3.4.4]
	at org.apache.ibatis.executor.CachingExecutor.query(CachingExecutor.java:109) ~[mybatis-3.4.4.jar:3.4.4]
	at org.apache.ibatis.executor.CachingExecutor.query(CachingExecutor.java:83) ~[mybatis-3.4.4.jar:3.4.4]
	at org.apache.ibatis.session.defaults.DefaultSqlSession.selectList(DefaultSqlSession.java:148) ~[mybatis-3.4.4.jar:3.4.4]
	at org.apache.ibatis.session.defaults.DefaultSqlSession.selectList(DefaultSqlSession.java:141) ~[mybatis-3.4.4.jar:3.4.4]
	at sun.reflect.NativeMethodAccessorImpl.invoke0(Native Method) ~[?:1.8.0_74]
	at sun.reflect.NativeMethodAccessorImpl.invoke(NativeMethodAccessorImpl.java:62) ~[?:1.8.0_74]
	at sun.reflect.DelegatingMethodAccessorImpl.invoke(DelegatingMethodAccessorImpl.java:43) ~[?:1.8.0_74]
	at java.lang.reflect.Method.invoke(Method.java:498) ~[?:1.8.0_74]
	at org.mybatis.spring.SqlSessionTemplate$SqlSessionInterceptor.invoke(SqlSessionTemplate.java:433) ~[mybatis-spring-1.3.1.jar:1.3.1]
	... 26 more
[INFO ] 2020-11-02 11:12:34.952 [pool-2-thread-1] CargoSmartThread - https://apis.cargosmart.com/openapi/cargoes/tracking/COSU?appKey=69338670-9c07-11ea-ae83-7956f3992d4c&scacCode=COSU&cntrNumber=FCIU5812619
[INFO ] 2020-11-02 11:12:35.031 [pool-2-thread-1] CargoSmartThread - End Postgresql To Oracle:
[INFO ] 2020-11-02 11:12:59.304 [main] CnediThreadApplication - Starting CnediThreadApplication on o-PC with PID 157172 (C:\egovframeworkSample\eclipse-jee-neon-2-win32-x86_64\workspace\CnediThread\target\classes started by Administrator in C:\egovframeworkSample\eclipse-jee-neon-2-win32-x86_64\workspace\CnediThread)
[INFO ] 2020-11-02 11:12:59.307 [main] CnediThreadApplication - No active profile set, falling back to default profiles: default
[INFO ] 2020-11-02 11:13:01.997 [main] CnediThreadApplication - Started CnediThreadApplication in 3.209 seconds (JVM running for 4.123)
[INFO ] 2020-11-02 11:13:02.993 [pool-2-thread-2] CargoSmartThread - START Postgressql To Oracle 11:13:2.992
[INFO ] 2020-11-02 11:13:02.994 [pool-2-thread-2] CargoSmartThread - START TRACKING 11:13:2.992
[ERROR] 2020-11-02 11:13:04.992 [pool-2-thread-2] CargoSmartThread - error
org.springframework.jdbc.BadSqlGrammarException: 
### Error querying database.  Cause: java.sql.SQLSyntaxErrorException: ORA-00904: "B"."STATUS_CUS": 부적합한 식별자

### The error may exist in file [C:\egovframeworkSample\eclipse-jee-neon-2-win32-x86_64\workspace\CnediThread\target\classes\mappers\oracle\CnediMapper.xml]
### The error may involve defaultParameterMap
### The error occurred while setting parameters
### SQL: SELECT b.XML_MSG_ID, b.XMLDOC_SEQ, b.CONT_SEQ, b.EQDCN_8260    FROM SR_HD a, SR_CONT b    WHERE a.DTM10_2380 > TO_CHAR(ADD_MONTHS(SYSDATE, -12), 'YYYYMMDD')    AND a.NADCA_3039 = ?    AND a.XML_MSG_ID = b.XML_MSG_ID    AND a.XMLDOC_SEQ = b.XMLDOC_SEQ    AND b.STATUS_CUS IS NULL
### Cause: java.sql.SQLSyntaxErrorException: ORA-00904: "B"."STATUS_CUS": 부적합한 식별자

; bad SQL grammar []; nested exception is java.sql.SQLSyntaxErrorException: ORA-00904: "B"."STATUS_CUS": 부적합한 식별자

	at org.springframework.jdbc.support.SQLErrorCodeSQLExceptionTranslator.doTranslate(SQLErrorCodeSQLExceptionTranslator.java:231) ~[spring-jdbc-4.3.10.RELEASE.jar:4.3.10.RELEASE]
	at org.springframework.jdbc.support.AbstractFallbackSQLExceptionTranslator.translate(AbstractFallbackSQLExceptionTranslator.java:73) ~[spring-jdbc-4.3.10.RELEASE.jar:4.3.10.RELEASE]
	at org.mybatis.spring.MyBatisExceptionTranslator.translateExceptionIfPossible(MyBatisExceptionTranslator.java:73) ~[mybatis-spring-1.3.1.jar:1.3.1]
	at org.mybatis.spring.SqlSessionTemplate$SqlSessionInterceptor.invoke(SqlSessionTemplate.java:446) ~[mybatis-spring-1.3.1.jar:1.3.1]
	at com.sun.proxy.$Proxy57.selectList(Unknown Source) ~[?:?]
	at org.mybatis.spring.SqlSessionTemplate.selectList(SqlSessionTemplate.java:230) ~[mybatis-spring-1.3.1.jar:1.3.1]
	at com.klnet.application.Db2AbstractDAO.selectList(Db2AbstractDAO.java:68) ~[classes/:?]
	at com.klnet.application.CnediDAO.getTrackingSrCntrList(CnediDAO.java:99) ~[classes/:?]
	at com.klnet.application.CnediDAO$$FastClassBySpringCGLIB$$f5bbdd50.invoke(<generated>) ~[classes/:?]
	at org.springframework.cglib.proxy.MethodProxy.invoke(MethodProxy.java:204) ~[spring-core-4.3.10.RELEASE.jar:4.3.10.RELEASE]
	at org.springframework.aop.framework.CglibAopProxy$CglibMethodInvocation.invokeJoinpoint(CglibAopProxy.java:738) ~[spring-aop-4.3.10.RELEASE.jar:4.3.10.RELEASE]
	at org.springframework.aop.framework.ReflectiveMethodInvocation.proceed(ReflectiveMethodInvocation.java:157) ~[spring-aop-4.3.10.RELEASE.jar:4.3.10.RELEASE]
	at org.springframework.dao.support.PersistenceExceptionTranslationInterceptor.invoke(PersistenceExceptionTranslationInterceptor.java:136) ~[spring-tx-4.3.10.RELEASE.jar:4.3.10.RELEASE]
	at org.springframework.aop.framework.ReflectiveMethodInvocation.proceed(ReflectiveMethodInvocation.java:179) ~[spring-aop-4.3.10.RELEASE.jar:4.3.10.RELEASE]
	at org.springframework.aop.framework.CglibAopProxy$DynamicAdvisedInterceptor.intercept(CglibAopProxy.java:673) ~[spring-aop-4.3.10.RELEASE.jar:4.3.10.RELEASE]
	at com.klnet.application.CnediDAO$$EnhancerBySpringCGLIB$$930cdebf.getTrackingSrCntrList(<generated>) ~[classes/:?]
	at com.klnet.application.CargoSmartThread.selectCargoTracking(CargoSmartThread.java:94) [classes/:?]
	at sun.reflect.NativeMethodAccessorImpl.invoke0(Native Method) ~[?:1.8.0_74]
	at sun.reflect.NativeMethodAccessorImpl.invoke(NativeMethodAccessorImpl.java:62) ~[?:1.8.0_74]
	at sun.reflect.DelegatingMethodAccessorImpl.invoke(DelegatingMethodAccessorImpl.java:43) ~[?:1.8.0_74]
	at java.lang.reflect.Method.invoke(Method.java:498) ~[?:1.8.0_74]
	at org.springframework.scheduling.support.ScheduledMethodRunnable.run(ScheduledMethodRunnable.java:65) [spring-context-4.3.10.RELEASE.jar:4.3.10.RELEASE]
	at org.springframework.scheduling.support.DelegatingErrorHandlingRunnable.run(DelegatingErrorHandlingRunnable.java:54) [spring-context-4.3.10.RELEASE.jar:4.3.10.RELEASE]
	at java.util.concurrent.Executors$RunnableAdapter.call(Executors.java:511) [?:1.8.0_74]
	at java.util.concurrent.FutureTask.runAndReset(FutureTask.java:308) [?:1.8.0_74]
	at java.util.concurrent.ScheduledThreadPoolExecutor$ScheduledFutureTask.access$301(ScheduledThreadPoolExecutor.java:180) [?:1.8.0_74]
	at java.util.concurrent.ScheduledThreadPoolExecutor$ScheduledFutureTask.run(ScheduledThreadPoolExecutor.java:294) [?:1.8.0_74]
	at java.util.concurrent.ThreadPoolExecutor.runWorker(ThreadPoolExecutor.java:1142) [?:1.8.0_74]
	at java.util.concurrent.ThreadPoolExecutor$Worker.run(ThreadPoolExecutor.java:617) [?:1.8.0_74]
	at java.lang.Thread.run(Thread.java:745) [?:1.8.0_74]
Caused by: java.sql.SQLSyntaxErrorException: ORA-00904: "B"."STATUS_CUS": 부적합한 식별자

	at oracle.jdbc.driver.T4CTTIoer.processError(T4CTTIoer.java:452) ~[ojdbc6-11.2.0.2.0.jar:11.2.0.2.0]
	at oracle.jdbc.driver.T4CTTIoer.processError(T4CTTIoer.java:400) ~[ojdbc6-11.2.0.2.0.jar:11.2.0.2.0]
	at oracle.jdbc.driver.T4C8Oall.processError(T4C8Oall.java:884) ~[ojdbc6-11.2.0.2.0.jar:11.2.0.2.0]
	at oracle.jdbc.driver.T4CTTIfun.receive(T4CTTIfun.java:471) ~[ojdbc6-11.2.0.2.0.jar:11.2.0.2.0]
	at oracle.jdbc.driver.T4CTTIfun.doRPC(T4CTTIfun.java:199) ~[ojdbc6-11.2.0.2.0.jar:11.2.0.2.0]
	at oracle.jdbc.driver.T4C8Oall.doOALL(T4C8Oall.java:535) ~[ojdbc6-11.2.0.2.0.jar:11.2.0.2.0]
	at oracle.jdbc.driver.T4CPreparedStatement.doOall8(T4CPreparedStatement.java:238) ~[ojdbc6-11.2.0.2.0.jar:11.2.0.2.0]
	at oracle.jdbc.driver.T4CPreparedStatement.executeForDescribe(T4CPreparedStatement.java:1196) ~[ojdbc6-11.2.0.2.0.jar:11.2.0.2.0]
	at oracle.jdbc.driver.OracleStatement.executeMaybeDescribe(OracleStatement.java:1444) ~[ojdbc6-11.2.0.2.0.jar:11.2.0.2.0]
	at oracle.jdbc.driver.OracleStatement.doExecuteWithTimeout(OracleStatement.java:1662) ~[ojdbc6-11.2.0.2.0.jar:11.2.0.2.0]
	at oracle.jdbc.driver.OraclePreparedStatement.executeInternal(OraclePreparedStatement.java:4364) ~[ojdbc6-11.2.0.2.0.jar:11.2.0.2.0]
	at oracle.jdbc.driver.OraclePreparedStatement.execute(OraclePreparedStatement.java:4587) ~[ojdbc6-11.2.0.2.0.jar:11.2.0.2.0]
	at oracle.jdbc.driver.OraclePreparedStatementWrapper.execute(OraclePreparedStatementWrapper.java:5691) ~[ojdbc6-11.2.0.2.0.jar:11.2.0.2.0]
	at sun.reflect.NativeMethodAccessorImpl.invoke0(Native Method) ~[?:1.8.0_74]
	at sun.reflect.NativeMethodAccessorImpl.invoke(NativeMethodAccessorImpl.java:62) ~[?:1.8.0_74]
	at sun.reflect.DelegatingMethodAccessorImpl.invoke(DelegatingMethodAccessorImpl.java:43) ~[?:1.8.0_74]
	at java.lang.reflect.Method.invoke(Method.java:498) ~[?:1.8.0_74]
	at org.apache.tomcat.jdbc.pool.StatementFacade$StatementProxy.invoke(StatementFacade.java:114) ~[tomcat-jdbc-8.5.16.jar:?]
	at com.sun.proxy.$Proxy70.execute(Unknown Source) ~[?:?]
	at org.apache.ibatis.executor.statement.PreparedStatementHandler.query(PreparedStatementHandler.java:63) ~[mybatis-3.4.4.jar:3.4.4]
	at org.apache.ibatis.executor.statement.RoutingStatementHandler.query(RoutingStatementHandler.java:79) ~[mybatis-3.4.4.jar:3.4.4]
	at org.apache.ibatis.executor.SimpleExecutor.doQuery(SimpleExecutor.java:63) ~[mybatis-3.4.4.jar:3.4.4]
	at org.apache.ibatis.executor.BaseExecutor.queryFromDatabase(BaseExecutor.java:324) ~[mybatis-3.4.4.jar:3.4.4]
	at org.apache.ibatis.executor.BaseExecutor.query(BaseExecutor.java:156) ~[mybatis-3.4.4.jar:3.4.4]
	at org.apache.ibatis.executor.CachingExecutor.query(CachingExecutor.java:109) ~[mybatis-3.4.4.jar:3.4.4]
	at org.apache.ibatis.executor.CachingExecutor.query(CachingExecutor.java:83) ~[mybatis-3.4.4.jar:3.4.4]
	at org.apache.ibatis.session.defaults.DefaultSqlSession.selectList(DefaultSqlSession.java:148) ~[mybatis-3.4.4.jar:3.4.4]
	at org.apache.ibatis.session.defaults.DefaultSqlSession.selectList(DefaultSqlSession.java:141) ~[mybatis-3.4.4.jar:3.4.4]
	at sun.reflect.NativeMethodAccessorImpl.invoke0(Native Method) ~[?:1.8.0_74]
	at sun.reflect.NativeMethodAccessorImpl.invoke(NativeMethodAccessorImpl.java:62) ~[?:1.8.0_74]
	at sun.reflect.DelegatingMethodAccessorImpl.invoke(DelegatingMethodAccessorImpl.java:43) ~[?:1.8.0_74]
	at java.lang.reflect.Method.invoke(Method.java:498) ~[?:1.8.0_74]
	at org.mybatis.spring.SqlSessionTemplate$SqlSessionInterceptor.invoke(SqlSessionTemplate.java:433) ~[mybatis-spring-1.3.1.jar:1.3.1]
	... 26 more
[INFO ] 2020-11-02 11:13:05.002 [pool-2-thread-2] CargoSmartThread - https://apis.cargosmart.com/openapi/cargoes/tracking/COSU?appKey=69338670-9c07-11ea-ae83-7956f3992d4c&scacCode=COSU&cntrNumber=FCIU5812619
[INFO ] 2020-11-02 11:13:05.111 [pool-2-thread-2] CargoSmartThread - End Postgresql To Oracle:
[INFO ] 2020-11-02 11:14:41.732 [main] CnediThreadApplication - Starting CnediThreadApplication on o-PC with PID 157124 (C:\egovframeworkSample\eclipse-jee-neon-2-win32-x86_64\workspace\CnediThread\target\classes started by Administrator in C:\egovframeworkSample\eclipse-jee-neon-2-win32-x86_64\workspace\CnediThread)
[INFO ] 2020-11-02 11:14:41.737 [main] CnediThreadApplication - No active profile set, falling back to default profiles: default
[INFO ] 2020-11-02 11:14:44.854 [main] CnediThreadApplication - Started CnediThreadApplication in 3.677 seconds (JVM running for 7.198)
[INFO ] 2020-11-02 11:14:45.849 [pool-2-thread-3] CargoSmartThread - START Postgressql To Oracle 11:14:45.848
[INFO ] 2020-11-02 11:14:45.850 [pool-2-thread-3] CargoSmartThread - START TRACKING 11:14:45.848
[INFO ] 2020-11-02 11:14:48.246 [pool-2-thread-3] CargoSmartThread - END ROUTES SCHEDULE
[INFO ] 2020-11-02 11:14:48.246 [pool-2-thread-3] CargoSmartThread - https://apis.cargosmart.com/openapi/cargoes/tracking/COSU?appKey=69338670-9c07-11ea-ae83-7956f3992d4c&scacCode=COSU&cntrNumber=FCIU5812619
[INFO ] 2020-11-02 11:14:48.331 [pool-2-thread-3] CargoSmartThread - End Postgresql To Oracle:
[INFO ] 2020-11-02 11:26:30.093 [main] CnediThreadApplication - Starting CnediThreadApplication on o-PC with PID 157144 (C:\egovframeworkSample\eclipse-jee-neon-2-win32-x86_64\workspace\CnediThread\target\classes started by Administrator in C:\egovframeworkSample\eclipse-jee-neon-2-win32-x86_64\workspace\CnediThread)
[INFO ] 2020-11-02 11:26:30.096 [main] CnediThreadApplication - No active profile set, falling back to default profiles: default
[INFO ] 2020-11-02 11:26:32.879 [main] CnediThreadApplication - Started CnediThreadApplication in 3.312 seconds (JVM running for 4.61)
[INFO ] 2020-11-02 11:26:33.874 [pool-2-thread-2] CargoSmartThread - START Postgressql To Oracle 11:26:33.874
[INFO ] 2020-11-02 11:26:33.876 [pool-2-thread-2] CargoSmartThread - START TRACKING 11:26:33.874
[INFO ] 2020-11-02 11:26:37.354 [pool-2-thread-2] CargoSmartThread - END ROUTES SCHEDULE
[INFO ] 2020-11-02 11:26:37.354 [pool-2-thread-2] CargoSmartThread - https://apis.cargosmart.com/openapi/cargoes/tracking/COSU?appKey=69338670-9c07-11ea-ae83-7956f3992d4c&scacCode=COSU&cntrNumber=FCIU5812619
[INFO ] 2020-11-02 11:26:37.435 [pool-2-thread-2] CargoSmartThread - End Postgresql To Oracle:
[INFO ] 2020-11-02 11:27:10.783 [main] CnediThreadApplication - Starting CnediThreadApplication on o-PC with PID 157168 (C:\egovframeworkSample\eclipse-jee-neon-2-win32-x86_64\workspace\CnediThread\target\classes started by Administrator in C:\egovframeworkSample\eclipse-jee-neon-2-win32-x86_64\workspace\CnediThread)
[INFO ] 2020-11-02 11:27:10.790 [main] CnediThreadApplication - No active profile set, falling back to default profiles: default
[INFO ] 2020-11-02 11:27:13.197 [main] CnediThreadApplication - Started CnediThreadApplication in 2.888 seconds (JVM running for 3.8)
[INFO ] 2020-11-02 11:27:14.193 [pool-2-thread-1] CargoSmartThread - START Postgressql To Oracle 11:27:14.192
[INFO ] 2020-11-02 11:27:14.194 [pool-2-thread-1] CargoSmartThread - START TRACKING 11:27:14.192
[INFO ] 2020-11-02 11:27:16.359 [pool-2-thread-1] CargoSmartThread - END ROUTES SCHEDULE
[INFO ] 2020-11-02 11:27:16.359 [pool-2-thread-1] CargoSmartThread - https://apis.cargosmart.com/openapi/cargoes/tracking/COSU?appKey=69338670-9c07-11ea-ae83-7956f3992d4c&scacCode=COSU&cntrNumber=FCIU5812619
[INFO ] 2020-11-02 11:27:16.437 [pool-2-thread-1] CargoSmartThread - End Postgresql To Oracle:
[INFO ] 2020-11-02 14:34:05.991 [main] CnediThreadApplication - Starting CnediThreadApplication on Parkui-MacBookPro.local with PID 77348 (/Users/mamma/git/OpenApiGathering/target/classes started by mamma in /Users/mamma/git/OpenApiGathering)
[INFO ] 2020-11-02 14:34:05.993 [main] CnediThreadApplication - No active profile set, falling back to default profiles: default
[INFO ] 2020-11-02 14:34:07.179 [main] CnediThreadApplication - Started CnediThreadApplication in 1.484 seconds (JVM running for 2.372)
[INFO ] 2020-11-02 14:34:08.184 [pool-2-thread-2] CargoSmartThread - START Postgressql To Oracle 2:34:8.182
[INFO ] 2020-11-02 14:34:08.186 [pool-2-thread-2] CargoSmartThread - START TRACKING 2:34:8.182
[INFO ] 2020-11-02 14:34:09.430 [pool-2-thread-2] CargoSmartThread - END ROUTES SCHEDULE
[INFO ] 2020-11-02 14:34:09.431 [pool-2-thread-2] CargoSmartThread - End Postgresql To Oracle:
[INFO ] 2020-11-02 15:00:28.749 [main] CnediThreadApplication - Starting CnediThreadApplication on Parkui-MacBookPro.local with PID 78155 (/Users/mamma/git/OpenApiGathering/target/classes started by mamma in /Users/mamma/git/OpenApiGathering)
[INFO ] 2020-11-02 15:00:28.751 [main] CnediThreadApplication - No active profile set, falling back to default profiles: default
[INFO ] 2020-11-02 15:00:29.959 [main] CnediThreadApplication - Started CnediThreadApplication in 1.481 seconds (JVM running for 2.297)
[INFO ] 2020-11-02 15:00:30.959 [pool-2-thread-2] CargoSmartThread - START Postgressql To Oracle 3:0:30.958
[INFO ] 2020-11-02 15:00:30.960 [pool-2-thread-2] CargoSmartThread - START TRACKING 3:0:30.958
[INFO ] 2020-11-02 15:00:30.962 [pool-2-thread-2] CargoSmartThread - https://apis.cargosmart.com/openapi/cargoes/tracking/COSU?appKey=69338670-9c07-11ea-ae83-7956f3992d4c&scacCode=COSU&cntrNumber=BEAU4606400
[INFO ] 2020-11-02 15:00:32.609 [pool-2-thread-2] CargoSmartThread - END ROUTES SCHEDULE
[INFO ] 2020-11-02 15:00:32.609 [pool-2-thread-2] CargoSmartThread - End Postgresql To Oracle:
[INFO ] 2020-11-02 15:20:41.729 [main] CnediThreadApplication - Starting CnediThreadApplication on Parkui-MacBookPro.local with PID 78720 (/Users/mamma/git/OpenApiGathering/target/classes started by mamma in /Users/mamma/git/OpenApiGathering)
[INFO ] 2020-11-02 15:20:41.731 [main] CnediThreadApplication - No active profile set, falling back to default profiles: default
[INFO ] 2020-11-02 15:20:43.018 [main] CnediThreadApplication - Started CnediThreadApplication in 1.549 seconds (JVM running for 2.368)
[INFO ] 2020-11-02 15:20:44.022 [pool-2-thread-1] CargoSmartThread - START Postgressql To Oracle 3:20:44.20
[INFO ] 2020-11-02 15:20:44.024 [pool-2-thread-1] CargoSmartThread - START TRACKING 3:20:44.20
[INFO ] 2020-11-02 15:20:44.027 [pool-2-thread-1] CargoSmartThread - https://apis.cargosmart.com/openapi/cargoes/tracking/COSU?appKey=69338670-9c07-11ea-ae83-7956f3992d4c&scacCode=COSU&cntrNumber=BEAU4606400
[INFO ] 2020-11-02 15:22:04.298 [main] CnediThreadApplication - Starting CnediThreadApplication on Parkui-MacBookPro.local with PID 78760 (/Users/mamma/git/OpenApiGathering/target/classes started by mamma in /Users/mamma/git/OpenApiGathering)
[INFO ] 2020-11-02 15:22:04.300 [main] CnediThreadApplication - No active profile set, falling back to default profiles: default
[INFO ] 2020-11-02 15:22:05.626 [main] CnediThreadApplication - Started CnediThreadApplication in 1.585 seconds (JVM running for 2.248)
[INFO ] 2020-11-02 15:22:06.626 [pool-2-thread-2] CargoSmartThread - START Postgressql To Oracle 3:22:6.624
[INFO ] 2020-11-02 15:22:06.629 [pool-2-thread-2] CargoSmartThread - START TRACKING 3:22:6.624
[INFO ] 2020-11-02 15:22:06.633 [pool-2-thread-2] CargoSmartThread - https://apis.cargosmart.com/openapi/cargoes/tracking/COSU?appKey=69338670-9c07-11ea-ae83-7956f3992d4c&scacCode=COSU&cntrNumber=BEAU4606400
[INFO ] 2020-11-02 15:22:07.607 [pool-2-thread-2] CargoSmartThread - iftsta_d99b:{NADCA_039=COSU}
[INFO ] 2020-11-02 15:22:07.607 [pool-2-thread-2] CargoSmartThread - END ROUTES SCHEDULE
[INFO ] 2020-11-02 15:22:07.607 [pool-2-thread-2] CargoSmartThread - End Postgresql To Oracle:
[INFO ] 2020-11-02 15:45:19.139 [main] CnediThreadApplication - Starting CnediThreadApplication on Parkui-MacBookPro.local with PID 79395 (/Users/mamma/git/OpenApiGathering/target/classes started by mamma in /Users/mamma/git/OpenApiGathering)
[INFO ] 2020-11-02 15:45:19.141 [main] CnediThreadApplication - No active profile set, falling back to default profiles: default
[INFO ] 2020-11-02 15:45:20.271 [main] CnediThreadApplication - Started CnediThreadApplication in 1.386 seconds (JVM running for 2.228)
[INFO ] 2020-11-02 15:45:21.273 [pool-2-thread-1] CargoSmartThread - START Postgressql To Oracle 3:45:21.271
[INFO ] 2020-11-02 15:45:21.275 [pool-2-thread-1] CargoSmartThread - START TRACKING 3:45:21.271
[INFO ] 2020-11-02 15:45:21.279 [pool-2-thread-1] CargoSmartThread - https://apis.cargosmart.com/openapi/cargoes/tracking/COSU?appKey=69338670-9c07-11ea-ae83-7956f3992d4c&scacCode=COSU&cntrNumber=BEAU4606400
[INFO ] 2020-11-02 15:45:22.495 [pool-2-thread-1] CargoSmartThread - END ROUTES SCHEDULE
[INFO ] 2020-11-02 15:45:22.496 [pool-2-thread-1] CargoSmartThread - End Postgresql To Oracle:
[INFO ] 2020-11-02 15:47:21.012 [main] CnediThreadApplication - Starting CnediThreadApplication on Parkui-MacBookPro.local with PID 79458 (/Users/mamma/git/OpenApiGathering/target/classes started by mamma in /Users/mamma/git/OpenApiGathering)
[INFO ] 2020-11-02 15:47:21.014 [main] CnediThreadApplication - No active profile set, falling back to default profiles: default
[INFO ] 2020-11-02 15:47:22.196 [main] CnediThreadApplication - Started CnediThreadApplication in 1.461 seconds (JVM running for 2.272)
[INFO ] 2020-11-02 15:47:23.200 [pool-2-thread-2] CargoSmartThread - START Postgressql To Oracle 3:47:23.198
[INFO ] 2020-11-02 15:47:23.203 [pool-2-thread-2] CargoSmartThread - START TRACKING 3:47:23.198
[INFO ] 2020-11-02 15:47:23.208 [pool-2-thread-2] CargoSmartThread - https://apis.cargosmart.com/openapi/cargoes/tracking/COSU?appKey=69338670-9c07-11ea-ae83-7956f3992d4c&scacCode=COSU&cntrNumber=BEAU4606400
[INFO ] 2020-11-02 15:47:24.432 [pool-2-thread-2] CargoSmartThread - _event$map_CSEvent_CSEventCode:CS277
[INFO ] 2020-11-02 15:47:24.432 [pool-2-thread-2] CargoSmartThread - _event$map_CSEvent_CSEventCode:CS067
[INFO ] 2020-11-02 15:47:24.432 [pool-2-thread-2] CargoSmartThread - _event$map_CSEvent_CSEventCode:CS070
[INFO ] 2020-11-02 15:47:24.432 [pool-2-thread-2] CargoSmartThread - _event$map_CSEvent_CSEventCode:CS500
[INFO ] 2020-11-02 15:47:24.433 [pool-2-thread-2] CargoSmartThread - _event$map_CSEvent_CSEventCode:CS060
[INFO ] 2020-11-02 15:47:24.433 [pool-2-thread-2] CargoSmartThread - _event$map_CSEvent_CSEventCode:CS020
[INFO ] 2020-11-02 15:47:24.433 [pool-2-thread-2] CargoSmartThread - _event$map_CSEvent_CSEventCode:CS040
[INFO ] 2020-11-02 15:47:24.433 [pool-2-thread-2] CargoSmartThread - _event$map_CSEvent_CSEventCode:CS010
[INFO ] 2020-11-02 15:47:24.433 [pool-2-thread-2] CargoSmartThread - END ROUTES SCHEDULE
[INFO ] 2020-11-02 15:47:24.433 [pool-2-thread-2] CargoSmartThread - End Postgresql To Oracle:
[INFO ] 2020-11-02 15:50:04.356 [main] CnediThreadApplication - Starting CnediThreadApplication on Parkui-MacBookPro.local with PID 79531 (/Users/mamma/git/OpenApiGathering/target/classes started by mamma in /Users/mamma/git/OpenApiGathering)
[INFO ] 2020-11-02 15:50:04.358 [main] CnediThreadApplication - No active profile set, falling back to default profiles: default
[INFO ] 2020-11-02 15:50:05.500 [main] CnediThreadApplication - Started CnediThreadApplication in 1.403 seconds (JVM running for 2.222)
[INFO ] 2020-11-02 15:50:06.506 [pool-2-thread-2] CargoSmartThread - START Postgressql To Oracle 3:50:6.505
[INFO ] 2020-11-02 15:50:06.509 [pool-2-thread-2] CargoSmartThread - START TRACKING 3:50:6.505
[INFO ] 2020-11-02 15:50:06.512 [pool-2-thread-2] CargoSmartThread - https://apis.cargosmart.com/openapi/cargoes/tracking/COSU?appKey=69338670-9c07-11ea-ae83-7956f3992d4c&scacCode=COSU&cntrNumber=BEAU4606400
[INFO ] 2020-11-02 15:50:07.544 [pool-2-thread-2] CargoSmartThread - _event$map_CSEvent_CSEventCode:CS277
[INFO ] 2020-11-02 15:50:07.545 [pool-2-thread-2] CargoSmartThread - iftsta_d99b:{NADCA_039=COSU, STS1_405=CS277}
[INFO ] 2020-11-02 15:50:07.545 [pool-2-thread-2] CargoSmartThread - END ROUTES SCHEDULE
[INFO ] 2020-11-02 15:50:07.545 [pool-2-thread-2] CargoSmartThread - End Postgresql To Oracle:
[INFO ] 2020-11-02 16:00:48.683 [main] CnediThreadApplication - Starting CnediThreadApplication on Parkui-MacBookPro.local with PID 79821 (/Users/mamma/git/OpenApiGathering/target/classes started by mamma in /Users/mamma/git/OpenApiGathering)
[INFO ] 2020-11-02 16:00:48.685 [main] CnediThreadApplication - No active profile set, falling back to default profiles: default
[INFO ] 2020-11-02 16:00:49.813 [main] CnediThreadApplication - Started CnediThreadApplication in 1.381 seconds (JVM running for 2.146)
[INFO ] 2020-11-02 16:00:50.814 [pool-2-thread-1] CargoSmartThread - START Postgressql To Oracle 4:0:50.813
[INFO ] 2020-11-02 16:00:50.816 [pool-2-thread-1] CargoSmartThread - START TRACKING 4:0:50.813
[INFO ] 2020-11-02 16:00:50.820 [pool-2-thread-1] CargoSmartThread - https://apis.cargosmart.com/openapi/cargoes/tracking/COSU?appKey=69338670-9c07-11ea-ae83-7956f3992d4c&scacCode=COSU&cntrNumber=BEAU4606400
[INFO ] 2020-11-02 16:00:52.015 [pool-2-thread-1] CargoSmartThread - _event$map_CSEvent_CSEventCode:CS277
[INFO ] 2020-11-02 16:00:52.015 [pool-2-thread-1] CargoSmartThread - _value:BL
[INFO ] 2020-11-02 16:00:52.015 [pool-2-thread-1] CargoSmartThread - _value:BKG
[INFO ] 2020-11-02 16:00:52.016 [pool-2-thread-1] CargoSmartThread - END ROUTES SCHEDULE
[INFO ] 2020-11-02 16:00:52.016 [pool-2-thread-1] CargoSmartThread - End Postgresql To Oracle:
[INFO ] 2020-11-02 16:01:23.643 [main] CnediThreadApplication - Starting CnediThreadApplication on Parkui-MacBookPro.local with PID 79836 (/Users/mamma/git/OpenApiGathering/target/classes started by mamma in /Users/mamma/git/OpenApiGathering)
[INFO ] 2020-11-02 16:01:23.644 [main] CnediThreadApplication - No active profile set, falling back to default profiles: default
[INFO ] 2020-11-02 16:01:24.860 [main] CnediThreadApplication - Started CnediThreadApplication in 1.475 seconds (JVM running for 2.073)
[INFO ] 2020-11-02 16:01:25.859 [pool-2-thread-2] CargoSmartThread - START Postgressql To Oracle 4:1:25.857
[INFO ] 2020-11-02 16:01:25.862 [pool-2-thread-2] CargoSmartThread - START TRACKING 4:1:25.857
[INFO ] 2020-11-02 16:01:25.866 [pool-2-thread-2] CargoSmartThread - https://apis.cargosmart.com/openapi/cargoes/tracking/COSU?appKey=69338670-9c07-11ea-ae83-7956f3992d4c&scacCode=COSU&cntrNumber=BEAU4606400
[INFO ] 2020-11-02 16:01:26.819 [pool-2-thread-2] CargoSmartThread - _event$map_CSEvent_CSEventCode:CS277
[INFO ] 2020-11-02 16:01:26.820 [pool-2-thread-2] CargoSmartThread - _value:BL
[INFO ] 2020-11-02 16:01:26.820 [pool-2-thread-2] CargoSmartThread - _value:BKG
[INFO ] 2020-11-02 16:01:26.820 [pool-2-thread-2] CargoSmartThread - iftsta_d99b:{NADCA_039=COSU, STS1_405=CS277, RFFBM_154=BKG, RFFBN_154=BL, TDT_3127=COSU}
[INFO ] 2020-11-02 16:01:26.820 [pool-2-thread-2] CargoSmartThread - END ROUTES SCHEDULE
[INFO ] 2020-11-02 16:01:26.820 [pool-2-thread-2] CargoSmartThread - End Postgresql To Oracle:
[INFO ] 2020-11-02 16:03:51.540 [main] CnediThreadApplication - Starting CnediThreadApplication on Parkui-MacBookPro.local with PID 79900 (/Users/mamma/git/OpenApiGathering/target/classes started by mamma in /Users/mamma/git/OpenApiGathering)
[INFO ] 2020-11-02 16:03:51.542 [main] CnediThreadApplication - No active profile set, falling back to default profiles: default
[INFO ] 2020-11-02 16:03:52.642 [main] CnediThreadApplication - Started CnediThreadApplication in 1.352 seconds (JVM running for 2.147)
[INFO ] 2020-11-02 16:03:53.644 [pool-2-thread-1] CargoSmartThread - START Postgressql To Oracle 4:3:53.642
[INFO ] 2020-11-02 16:03:53.647 [pool-2-thread-1] CargoSmartThread - START TRACKING 4:3:53.642
[INFO ] 2020-11-02 16:03:53.650 [pool-2-thread-1] CargoSmartThread - https://apis.cargosmart.com/openapi/cargoes/tracking/COSU?appKey=69338670-9c07-11ea-ae83-7956f3992d4c&scacCode=COSU&cntrNumber=BEAU4606400
[INFO ] 2020-11-02 16:03:56.010 [pool-2-thread-1] CargoSmartThread - _event$map_CSEvent_CSEventCode:CS277
[INFO ] 2020-11-02 16:03:56.011 [pool-2-thread-1] CargoSmartThread - _value:BL
[INFO ] 2020-11-02 16:03:56.011 [pool-2-thread-1] CargoSmartThread - _value:BKG
[INFO ] 2020-11-02 16:03:56.011 [pool-2-thread-1] CargoSmartThread - iftsta_d99b:{NADCA_039=COSU, STS1_405=CS277, RFFBM_154=6277125670, RFFBN_154=6277125670, TDT_3127=COSU}
[INFO ] 2020-11-02 16:03:56.011 [pool-2-thread-1] CargoSmartThread - END ROUTES SCHEDULE
[INFO ] 2020-11-02 16:03:56.011 [pool-2-thread-1] CargoSmartThread - End Postgresql To Oracle:
[INFO ] 2020-11-02 16:16:26.051 [main] CnediThreadApplication - Starting CnediThreadApplication on Parkui-MacBookPro.local with PID 80257 (/Users/mamma/git/OpenApiGathering/target/classes started by mamma in /Users/mamma/git/OpenApiGathering)
[INFO ] 2020-11-02 16:16:26.054 [main] CnediThreadApplication - No active profile set, falling back to default profiles: default
[INFO ] 2020-11-02 16:16:27.374 [main] CnediThreadApplication - Started CnediThreadApplication in 1.634 seconds (JVM running for 2.626)
[INFO ] 2020-11-02 16:16:28.374 [pool-2-thread-1] CargoSmartThread - START Postgressql To Oracle 4:16:28.373
[INFO ] 2020-11-02 16:16:28.375 [pool-2-thread-1] CargoSmartThread - START TRACKING 4:16:28.373
[INFO ] 2020-11-02 16:16:28.377 [pool-2-thread-1] CargoSmartThread - https://apis.cargosmart.com/openapi/cargoes/tracking/COSU?appKey=69338670-9c07-11ea-ae83-7956f3992d4c&scacCode=COSU&cntrNumber=BEAU4606400
[INFO ] 2020-11-02 16:16:29.785 [pool-2-thread-1] CargoSmartThread - _event$map_CSEvent_CSEventCode:CS277
[INFO ] 2020-11-02 16:16:29.785 [pool-2-thread-1] CargoSmartThread - _value:BL
[INFO ] 2020-11-02 16:16:29.785 [pool-2-thread-1] CargoSmartThread - _value:BKG
[INFO ] 2020-11-02 16:16:29.785 [pool-2-thread-1] CargoSmartThread - iftsta_d99b:{EQDCN_155=, NADCA_039=COSU, STS1_405=CS277, RFFBM_154=6277125670, EQDCN_260=BEAU460640, RFFBN_154=6277125670, TDT_3127=COSU}
[INFO ] 2020-11-02 16:16:29.785 [pool-2-thread-1] CargoSmartThread - END ROUTES SCHEDULE
[INFO ] 2020-11-02 16:16:29.785 [pool-2-thread-1] CargoSmartThread - End Postgresql To Oracle:
[INFO ] 2020-11-02 16:20:26.784 [main] CnediThreadApplication - Starting CnediThreadApplication on Parkui-MacBookPro.local with PID 80371 (/Users/mamma/git/OpenApiGathering/target/classes started by mamma in /Users/mamma/git/OpenApiGathering)
[INFO ] 2020-11-02 16:20:26.786 [main] CnediThreadApplication - No active profile set, falling back to default profiles: default
[INFO ] 2020-11-02 16:20:28.359 [main] CnediThreadApplication - Started CnediThreadApplication in 1.915 seconds (JVM running for 2.727)
[INFO ] 2020-11-02 16:20:29.361 [pool-2-thread-1] CargoSmartThread - START Postgressql To Oracle 4:20:29.360
[INFO ] 2020-11-02 16:20:29.362 [pool-2-thread-1] CargoSmartThread - START TRACKING 4:20:29.360
[INFO ] 2020-11-02 16:20:29.365 [pool-2-thread-1] CargoSmartThread - https://apis.cargosmart.com/openapi/cargoes/tracking/COSU?appKey=69338670-9c07-11ea-ae83-7956f3992d4c&scacCode=COSU&cntrNumber=BEAU4606400
[INFO ] 2020-11-02 16:20:30.510 [pool-2-thread-1] CargoSmartThread - _event$map_CSEvent_CSEventCode:CS277
[INFO ] 2020-11-02 16:20:30.510 [pool-2-thread-1] CargoSmartThread - _externalReference$map_CSReferenceType$map_value:BL
[INFO ] 2020-11-02 16:20:30.510 [pool-2-thread-1] CargoSmartThread - _externalReference$map_CSReferenceType$map_value:BKG
[INFO ] 2020-11-02 16:20:30.511 [pool-2-thread-1] CargoSmartThread - iftsta_d99b:{EQDCN_155=, NADCA_039=COSU, STS1_405=CS277, RFFBM_154=6277125670, EQDCN_260=BEAU460640, RFFBN_154=6277125670, TDT_3127=COSU}
[INFO ] 2020-11-02 16:20:30.511 [pool-2-thread-1] CargoSmartThread - END ROUTES SCHEDULE
[INFO ] 2020-11-02 16:20:30.511 [pool-2-thread-1] CargoSmartThread - End Postgresql To Oracle:
[INFO ] 2020-11-02 16:22:30.516 [pool-2-thread-3] CargoSmartThread - START Postgressql To Oracle 4:22:30.516
[INFO ] 2020-11-02 16:22:30.518 [pool-2-thread-3] CargoSmartThread - START TRACKING 4:22:30.516
[INFO ] 2020-11-02 16:22:30.521 [pool-2-thread-3] CargoSmartThread - https://apis.cargosmart.com/openapi/cargoes/tracking/COSU?appKey=69338670-9c07-11ea-ae83-7956f3992d4c&scacCode=COSU&cntrNumber=BEAU4606400
[INFO ] 2020-11-02 16:22:31.632 [pool-2-thread-3] CargoSmartThread - _event$map_CSEvent_CSEventCode:CS277
[INFO ] 2020-11-02 16:22:31.632 [pool-2-thread-3] CargoSmartThread - _externalReference$map_CSReferenceType$map_value:BL
[INFO ] 2020-11-02 16:22:31.632 [pool-2-thread-3] CargoSmartThread - _externalReference$map_CSReferenceType$map_value:BKG
[INFO ] 2020-11-02 16:22:31.632 [pool-2-thread-3] CargoSmartThread - iftsta_d99b:{EQDCN_155=, NADCA_039=COSU, STS1_405=CS277, RFFBM_154=6277125670, EQDCN_260=BEAU460640, RFFBN_154=6277125670, TDT_3127=COSU}
[INFO ] 2020-11-02 16:22:31.632 [pool-2-thread-3] CargoSmartThread - END ROUTES SCHEDULE
[INFO ] 2020-11-02 16:22:31.632 [pool-2-thread-3] CargoSmartThread - End Postgresql To Oracle:
[INFO ] 2020-11-02 16:24:31.634 [pool-2-thread-1] CargoSmartThread - START Postgressql To Oracle 4:24:31.634
[INFO ] 2020-11-02 16:24:31.635 [pool-2-thread-1] CargoSmartThread - START TRACKING 4:24:31.634
[INFO ] 2020-11-02 16:24:31.637 [pool-2-thread-1] CargoSmartThread - https://apis.cargosmart.com/openapi/cargoes/tracking/COSU?appKey=69338670-9c07-11ea-ae83-7956f3992d4c&scacCode=COSU&cntrNumber=BEAU4606400
[INFO ] 2020-11-02 16:24:32.289 [pool-2-thread-1] CargoSmartThread - _event$map_CSEvent_CSEventCode:CS277
[INFO ] 2020-11-02 16:24:32.289 [pool-2-thread-1] CargoSmartThread - _externalReference$map_CSReferenceType$map_value:BL
[INFO ] 2020-11-02 16:24:32.289 [pool-2-thread-1] CargoSmartThread - _externalReference$map_CSReferenceType$map_value:BKG
[INFO ] 2020-11-02 16:24:32.289 [pool-2-thread-1] CargoSmartThread - iftsta_d99b:{EQDCN_155=, NADCA_039=COSU, STS1_405=CS277, RFFBM_154=6277125670, EQDCN_260=BEAU460640, RFFBN_154=6277125670, TDT_3127=COSU}
[INFO ] 2020-11-02 16:24:32.290 [pool-2-thread-1] CargoSmartThread - END ROUTES SCHEDULE
[INFO ] 2020-11-02 16:24:32.290 [pool-2-thread-1] CargoSmartThread - End Postgresql To Oracle:
[INFO ] 2020-11-02 16:33:03.406 [main] CnediThreadApplication - Starting CnediThreadApplication on Parkui-MacBookPro.local with PID 80733 (/Users/mamma/git/OpenApiGathering/target/classes started by mamma in /Users/mamma/git/OpenApiGathering)
[INFO ] 2020-11-02 16:33:03.408 [main] CnediThreadApplication - No active profile set, falling back to default profiles: default
[INFO ] 2020-11-02 16:33:04.588 [main] CnediThreadApplication - Started CnediThreadApplication in 1.441 seconds (JVM running for 2.295)
[INFO ] 2020-11-02 16:33:05.587 [pool-2-thread-2] CargoSmartThread - START Postgressql To Oracle 4:33:5.586
[INFO ] 2020-11-02 16:33:05.588 [pool-2-thread-2] CargoSmartThread - START TRACKING 4:33:5.586
[INFO ] 2020-11-02 16:33:05.589 [pool-2-thread-2] CargoSmartThread - https://apis.cargosmart.com/openapi/cargoes/tracking/COSU?appKey=69338670-9c07-11ea-ae83-7956f3992d4c&scacCode=COSU&cntrNumber=BEAU4606400
[INFO ] 2020-11-02 16:33:06.680 [pool-2-thread-2] CargoSmartThread - _event$map_CSEvent_CSEventCode:CS277
[INFO ] 2020-11-02 16:33:06.680 [pool-2-thread-2] CargoSmartThread - _externalReference$map_CSReferenceType$map_value:BL
[INFO ] 2020-11-02 16:33:06.680 [pool-2-thread-2] CargoSmartThread - _externalReference$map_CSReferenceType$map_value:BKG
[INFO ] 2020-11-02 16:33:06.680 [pool-2-thread-2] CargoSmartThread - iftsta_d99b:{EQDCN_155=, NADCA_039=COSU, STS1_405=CS277, RFFBM_154=6277125670, EQDCN_260=BEAU460640, RFFBN_154=6277125670, TDT_3127=COSU, TDT_8028=013}
[INFO ] 2020-11-02 16:33:06.680 [pool-2-thread-2] CargoSmartThread - END ROUTES SCHEDULE
[INFO ] 2020-11-02 16:33:06.680 [pool-2-thread-2] CargoSmartThread - End Postgresql To Oracle:
[INFO ] 2020-11-02 16:44:59.597 [main] CnediThreadApplication - Starting CnediThreadApplication on Parkui-MacBookPro.local with PID 80997 (/Users/mamma/git/OpenApiGathering/target/classes started by mamma in /Users/mamma/git/OpenApiGathering)
[INFO ] 2020-11-02 16:44:59.599 [main] CnediThreadApplication - No active profile set, falling back to default profiles: default
[INFO ] 2020-11-02 16:45:00.748 [main] CnediThreadApplication - Started CnediThreadApplication in 1.409 seconds (JVM running for 2.333)
[INFO ] 2020-11-02 16:45:01.751 [pool-2-thread-2] CargoSmartThread - START Postgressql To Oracle 4:45:1.750
[INFO ] 2020-11-02 16:45:01.752 [pool-2-thread-2] CargoSmartThread - START TRACKING 4:45:1.750
[INFO ] 2020-11-02 16:45:01.753 [pool-2-thread-2] CargoSmartThread - https://apis.cargosmart.com/openapi/cargoes/tracking/COSU?appKey=69338670-9c07-11ea-ae83-7956f3992d4c&scacCode=COSU&cntrNumber=BEAU4606400
[INFO ] 2020-11-02 16:45:03.447 [pool-2-thread-2] CargoSmartThread - _event$map_CSEvent_CSEventCode:CS277
[INFO ] 2020-11-02 16:45:03.447 [pool-2-thread-2] CargoSmartThread - _externalReference$map_CSReferenceType$map_value:BL
[INFO ] 2020-11-02 16:45:03.447 [pool-2-thread-2] CargoSmartThread - _externalReference$map_CSReferenceType$map_value:BKG
[INFO ] 2020-11-02 16:45:03.447 [pool-2-thread-2] CargoSmartThread - iftsta_d99b:{TDT_8212=COSCO SHIPPING LIBRA, TDT_8213=VRRV4, LOC9_3224=Hamburg, NADCA_039=COSU, RFFBN_154=6277125670, TDT_3127=COSU, TDT_8028=013, EQDCN_155=, STS1_405=CS277, RFFBM_154=6277125670, EQDCN_260=BEAU460640, LOC11_3224=Qingdao, LOC11_3225=}
[INFO ] 2020-11-02 16:45:03.447 [pool-2-thread-2] CargoSmartThread - END ROUTES SCHEDULE
[INFO ] 2020-11-02 16:45:03.447 [pool-2-thread-2] CargoSmartThread - End Postgresql To Oracle:
[INFO ] 2020-11-02 17:03:18.536 [main] CnediThreadApplication - Starting CnediThreadApplication on Parkui-MacBookPro.local with PID 81416 (/Users/mamma/git/OpenApiGathering/target/classes started by mamma in /Users/mamma/git/OpenApiGathering)
[INFO ] 2020-11-02 17:03:18.538 [main] CnediThreadApplication - No active profile set, falling back to default profiles: default
[INFO ] 2020-11-02 17:03:19.771 [main] CnediThreadApplication - Started CnediThreadApplication in 1.493 seconds (JVM running for 2.376)
[INFO ] 2020-11-02 17:03:20.775 [pool-2-thread-1] CargoSmartThread - START Postgressql To Oracle 5:3:20.773
[INFO ] 2020-11-02 17:03:20.776 [pool-2-thread-1] CargoSmartThread - START TRACKING 5:3:20.773
[INFO ] 2020-11-02 17:03:20.778 [pool-2-thread-1] CargoSmartThread - https://apis.cargosmart.com/openapi/cargoes/tracking/COSU?appKey=69338670-9c07-11ea-ae83-7956f3992d4c&scacCode=COSU&cntrNumber=BEAU4606400
[INFO ] 2020-11-02 17:03:21.921 [pool-2-thread-1] CargoSmartThread - _event$map_CSEvent_CSEventCode:CS277
[INFO ] 2020-11-02 17:03:21.921 [pool-2-thread-1] CargoSmartThread - _externalReference$map_CSReferenceType$map_value:BL
[INFO ] 2020-11-02 17:03:21.921 [pool-2-thread-1] CargoSmartThread - _externalReference$map_CSReferenceType$map_value:BKG
[INFO ] 2020-11-02 17:03:21.921 [pool-2-thread-1] CargoSmartThread - iftsta_d99b:{TDT_8212=COSCO SHIPPING LIBRA, TDT_8213=VRRV4, LOC9_3224=Hamburg, NADCA_039=COSU, RFFBN_154=6277125670, TDT_3127=COSU, LOC9_3225=DEHAM, TDT_8028=013, EQDCN_155=, STS1_405=CS277, RFFBM_154=6277125670, EQDCN_260=BEAU460640, LOC11_3224=Qingdao, LOC11_3225=}
[INFO ] 2020-11-02 17:03:21.921 [pool-2-thread-1] CargoSmartThread - END ROUTES SCHEDULE
[INFO ] 2020-11-02 17:03:21.921 [pool-2-thread-1] CargoSmartThread - End Postgresql To Oracle:
[INFO ] 2020-11-02 17:23:40.155 [main] CnediThreadApplication - Starting CnediThreadApplication on Parkui-MacBookPro.local with PID 81851 (/Users/mamma/git/OpenApiGathering/target/classes started by mamma in /Users/mamma/git/OpenApiGathering)
[INFO ] 2020-11-02 17:23:40.157 [main] CnediThreadApplication - No active profile set, falling back to default profiles: default
[INFO ] 2020-11-02 17:23:41.361 [main] CnediThreadApplication - Started CnediThreadApplication in 1.472 seconds (JVM running for 2.31)
[INFO ] 2020-11-02 17:23:42.367 [pool-2-thread-1] CargoSmartThread - START Postgressql To Oracle 5:23:42.366
[INFO ] 2020-11-02 17:23:42.370 [pool-2-thread-1] CargoSmartThread - START TRACKING 5:23:42.366
[INFO ] 2020-11-02 17:23:42.373 [pool-2-thread-1] CargoSmartThread - https://apis.cargosmart.com/openapi/cargoes/tracking/COSU?appKey=69338670-9c07-11ea-ae83-7956f3992d4c&scacCode=COSU&cntrNumber=BEAU4606400
[INFO ] 2020-11-02 17:23:43.383 [pool-2-thread-1] CargoSmartThread - _event$map_eventDT$map_GMT$map_timeInMillis:1605700800000
[INFO ] 2020-11-02 17:23:43.383 [pool-2-thread-1] CargoSmartThread - _event$map_CSEvent_CSEventCode:CS277
[INFO ] 2020-11-02 17:23:43.383 [pool-2-thread-1] CargoSmartThread - _externalReference$map_CSReferenceType$map_value:BL
[INFO ] 2020-11-02 17:23:43.384 [pool-2-thread-1] CargoSmartThread - _externalReference$map_CSReferenceType$map_value:BKG
[INFO ] 2020-11-02 17:23:43.384 [pool-2-thread-1] CargoSmartThread - iftsta_d99b:{TDT_8212=COSCO SHIPPING LIBRA, TDT_8213=VRRV4, LOC9_3224=Hamburg, NADCA_039=COSU, RFFBN_154=6277125670, TDT_3127=COSU, LOC9_3225=DEHAM, TDT_8028=013, EQDCN_155=, STS1_405=CS277, RFFBM_154=6277125670, EQDCN_260=BEAU460640, LOC11_3224=Qingdao, LOC11_3225=}
[INFO ] 2020-11-02 17:23:43.384 [pool-2-thread-1] CargoSmartThread - END ROUTES SCHEDULE
[INFO ] 2020-11-02 17:23:43.384 [pool-2-thread-1] CargoSmartThread - End Postgresql To Oracle:
[INFO ] 2020-11-02 17:26:30.186 [main] CnediThreadApplication - Starting CnediThreadApplication on Parkui-MacBookPro.local with PID 81916 (/Users/mamma/git/OpenApiGathering/target/classes started by mamma in /Users/mamma/git/OpenApiGathering)
[INFO ] 2020-11-02 17:26:30.188 [main] CnediThreadApplication - No active profile set, falling back to default profiles: default
[INFO ] 2020-11-02 17:26:31.397 [main] CnediThreadApplication - Started CnediThreadApplication in 1.474 seconds (JVM running for 2.139)
[INFO ] 2020-11-02 17:26:32.400 [pool-2-thread-2] CargoSmartThread - START Postgressql To Oracle 5:26:32.398
[INFO ] 2020-11-02 17:26:32.402 [pool-2-thread-2] CargoSmartThread - START TRACKING 5:26:32.398
[INFO ] 2020-11-02 17:26:32.404 [pool-2-thread-2] CargoSmartThread - https://apis.cargosmart.com/openapi/cargoes/tracking/COSU?appKey=69338670-9c07-11ea-ae83-7956f3992d4c&scacCode=COSU&cntrNumber=BEAU4606400
[INFO ] 2020-11-02 17:26:33.422 [pool-2-thread-2] CargoSmartThread - _event$map_eventDT$map_GMT$map_timeInMillis:1605700800000
[INFO ] 2020-11-02 17:26:33.423 [pool-2-thread-2] CargoSmartThread - _event$map_CSEvent_CSEventCode:CS277
[INFO ] 2020-11-02 17:26:33.423 [pool-2-thread-2] CargoSmartThread - _externalReference$map_CSReferenceType$map_value:BL
[INFO ] 2020-11-02 17:26:33.423 [pool-2-thread-2] CargoSmartThread - _externalReference$map_CSReferenceType$map_value:BKG
[INFO ] 2020-11-02 17:26:33.423 [pool-2-thread-2] CargoSmartThread - iftsta_d99b:{TDT_8212=COSCO SHIPPING LIBRA, TDT_8213=VRRV4, LOC9_3224=Hamburg, NADCA_039=COSU, RFFBN_154=6277125670, TDT_3127=COSU, LOC9_3225=DEHAM, TDT_8028=013, EQDCN_155=, STS1_405=CS277, RFFBM_154=6277125670, EQDCN_260=BEAU460640, LOC11_3224=Qingdao, LOC11_3225=CNTAO}
[INFO ] 2020-11-02 17:26:33.423 [pool-2-thread-2] CargoSmartThread - END ROUTES SCHEDULE
[INFO ] 2020-11-02 17:26:33.423 [pool-2-thread-2] CargoSmartThread - End Postgresql To Oracle:
[INFO ] 2020-11-02 17:33:58.393 [main] CnediThreadApplication - Starting CnediThreadApplication on Parkui-MacBookPro.local with PID 82076 (/Users/mamma/git/OpenApiGathering/target/classes started by mamma in /Users/mamma/git/OpenApiGathering)
[INFO ] 2020-11-02 17:33:58.395 [main] CnediThreadApplication - No active profile set, falling back to default profiles: default
[INFO ] 2020-11-02 17:33:59.541 [main] CnediThreadApplication - Started CnediThreadApplication in 1.406 seconds (JVM running for 2.315)
[INFO ] 2020-11-02 17:34:00.540 [pool-2-thread-1] CargoSmartThread - START Postgressql To Oracle 5:34:0.540
[INFO ] 2020-11-02 17:34:00.542 [pool-2-thread-1] CargoSmartThread - START TRACKING 5:34:0.540
[INFO ] 2020-11-02 17:34:00.544 [pool-2-thread-1] CargoSmartThread - https://apis.cargosmart.com/openapi/cargoes/tracking/COSU?appKey=69338670-9c07-11ea-ae83-7956f3992d4c&scacCode=COSU&cntrNumber=BEAU4606400
[INFO ] 2020-11-02 17:34:02.162 [pool-2-thread-1] CargoSmartThread - _event$map_eventDT$map_GMT$map_timeInMillis:1605700800000
[INFO ] 2020-11-02 17:34:02.163 [pool-2-thread-1] CargoSmartThread - _event$map_CSEvent_CSEventCode:CS277
[INFO ] 2020-11-02 17:34:02.163 [pool-2-thread-1] CargoSmartThread - _externalReference$map_CSReferenceType$map_value:BL
[INFO ] 2020-11-02 17:34:02.163 [pool-2-thread-1] CargoSmartThread - _externalReference$map_CSReferenceType$map_value:BKG
[INFO ] 2020-11-02 17:34:02.163 [pool-2-thread-1] CargoSmartThread - iftsta_d99b:{TDT_8212=COSCO SHIPPING LIBRA, TDT_8213=VRRV4, LOC9_3224=Hamburg, NADCA_039=COSU, RFFBN_154=6277125670, TDT_3127=COSU, LOC9_3225=DEHAM, TDT_8028=013, EQDCN_155=, STS1_405=CS277, RFFBM_154=6277125670, EQDCN_260=BEAU460640, DTM132_11=1605700800000, LOC11_3224=Qingdao, LOC11_3225=CNTAO}
[INFO ] 2020-11-02 17:34:02.163 [pool-2-thread-1] CargoSmartThread - END ROUTES SCHEDULE
[INFO ] 2020-11-02 17:34:02.163 [pool-2-thread-1] CargoSmartThread - End Postgresql To Oracle:
[INFO ] 2020-11-02 17:35:17.510 [main] CnediThreadApplication - Starting CnediThreadApplication on Parkui-MacBookPro.local with PID 82106 (/Users/mamma/git/OpenApiGathering/target/classes started by mamma in /Users/mamma/git/OpenApiGathering)
[INFO ] 2020-11-02 17:35:17.511 [main] CnediThreadApplication - No active profile set, falling back to default profiles: default
[INFO ] 2020-11-02 17:35:18.647 [main] CnediThreadApplication - Started CnediThreadApplication in 1.399 seconds (JVM running for 2.101)
[INFO ] 2020-11-02 17:35:19.649 [pool-2-thread-2] CargoSmartThread - START Postgressql To Oracle 5:35:19.649
[INFO ] 2020-11-02 17:35:19.650 [pool-2-thread-2] CargoSmartThread - START TRACKING 5:35:19.649
[INFO ] 2020-11-02 17:35:19.652 [pool-2-thread-2] CargoSmartThread - https://apis.cargosmart.com/openapi/cargoes/tracking/COSU?appKey=69338670-9c07-11ea-ae83-7956f3992d4c&scacCode=COSU&cntrNumber=BEAU4606400
[INFO ] 2020-11-02 17:35:20.993 [pool-2-thread-2] CargoSmartThread - _event$map_eventDT$map_GMT$map_timeInMillis:1605700800000
[INFO ] 2020-11-02 17:35:20.994 [pool-2-thread-2] CargoSmartThread - _event$map_CSEvent_CSEventCode:CS277
[INFO ] 2020-11-02 17:35:20.994 [pool-2-thread-2] CargoSmartThread - iftsta_d99b:{TDT_8212=COSCO SHIPPING LIBRA, TDT_8213=VRRV4, LOC9_3224=Hamburg, NADCA_039=COSU, RFFBN_154=6277125670, TDT_3127=COSU, LOC9_3225=DEHAM, TDT_8028=013, EQDCN_155=, STS1_405=CS277, RFFBM_154=6277125670, EQDCN_260=BEAU460640, DTM132_11=1605700800000, LOC11_3224=Qingdao, LOC11_3225=CNTAO}
[INFO ] 2020-11-02 17:35:20.994 [pool-2-thread-2] CargoSmartThread - END ROUTES SCHEDULE
[INFO ] 2020-11-02 17:35:20.994 [pool-2-thread-2] CargoSmartThread - End Postgresql To Oracle:
