[INFO ] 2020-06-03 11:52:59.892 [main] OpenApiGatheringApplication - Starting OpenApiGatheringApplication on o-PC with PID 144928 (C:\egovframeworkSample\eclipse-jee-neon-2-win32-x86_64\workspace\OpenApiGathering\target\classes started by Administrator in C:\egovframeworkSample\eclipse-jee-neon-2-win32-x86_64\workspace\OpenApiGathering)
[INFO ] 2020-06-03 11:52:59.895 [main] OpenApiGatheringApplication - No active profile set, falling back to default profiles: default
[INFO ] 2020-06-03 11:52:59.978 [main] AnnotationConfigApplicationContext - Refreshing org.springframework.context.annotation.AnnotationConfigApplicationContext@36fc695d: startup date [Wed Jun 03 11:52:59 KST 2020]; root of context hierarchy
[WARN ] 2020-06-03 11:53:00.467 [main] ClassPathMapperScanner - No MyBatis mapper was found in '[com.klnet.application]' package. Please check your configuration.
[WARN ] 2020-06-03 11:53:00.926 [main] AnnotationConfigApplicationContext - Exception encountered during context initialization - cancelling refresh attempt: org.springframework.beans.factory.UnsatisfiedDependencyException: Error creating bean with name 'cargoSmartService': Unsatisfied dependency expressed through field 'ownerDAO'; nested exception is org.springframework.beans.factory.NoSuchBeanDefinitionException: No qualifying bean of type 'com.klnet.database.OwnerDAO' available: expected at least 1 bean which qualifies as autowire candidate. Dependency annotations: {@org.springframework.beans.factory.annotation.Autowired(required=true)}
[INFO ] 2020-06-03 11:53:00.935 [main] AutoConfigurationReportLoggingInitializer - 

Error starting ApplicationContext. To display the auto-configuration report re-run your application with 'debug' enabled.
[ERROR] 2020-06-03 11:53:01.059 [main] LoggingFailureAnalysisReporter - 

***************************
APPLICATION FAILED TO START
***************************

Description:

Field ownerDAO in com.klnet.application.CargoSmartService required a bean of type 'com.klnet.database.OwnerDAO' that could not be found.


Action:

Consider defining a bean of type 'com.klnet.database.OwnerDAO' in your configuration.

[INFO ] 2020-06-03 12:02:09.769 [main] OpenApiGatheringApplication - Starting OpenApiGatheringApplication on o-PC with PID 146700 (C:\egovframeworkSample\eclipse-jee-neon-2-win32-x86_64\workspace\OpenApiGathering\target\classes started by Administrator in C:\egovframeworkSample\eclipse-jee-neon-2-win32-x86_64\workspace\OpenApiGathering)
[INFO ] 2020-06-03 12:02:09.773 [main] OpenApiGatheringApplication - No active profile set, falling back to default profiles: default
[INFO ] 2020-06-03 12:02:09.834 [main] AnnotationConfigApplicationContext - Refreshing org.springframework.context.annotation.AnnotationConfigApplicationContext@477b4cdf: startup date [Wed Jun 03 12:02:09 KST 2020]; root of context hierarchy
[WARN ] 2020-06-03 12:02:10.228 [main] ClassPathMapperScanner - No MyBatis mapper was found in '[com.klnet.application]' package. Please check your configuration.
[WARN ] 2020-06-03 12:02:10.638 [main] AnnotationConfigApplicationContext - Exception encountered during context initialization - cancelling refresh attempt: org.springframework.beans.factory.UnsatisfiedDependencyException: Error creating bean with name 'cargoSmartService': Unsatisfied dependency expressed through field 'ownerDAO'; nested exception is org.springframework.beans.factory.NoSuchBeanDefinitionException: No qualifying bean of type 'com.klnet.database.OwnerDAO' available: expected at least 1 bean which qualifies as autowire candidate. Dependency annotations: {@org.springframework.beans.factory.annotation.Autowired(required=true)}
[INFO ] 2020-06-03 12:02:10.647 [main] AutoConfigurationReportLoggingInitializer - 

Error starting ApplicationContext. To display the auto-configuration report re-run your application with 'debug' enabled.
[ERROR] 2020-06-03 12:02:10.840 [main] LoggingFailureAnalysisReporter - 

***************************
APPLICATION FAILED TO START
***************************

Description:

Field ownerDAO in com.klnet.application.CargoSmartService required a bean of type 'com.klnet.database.OwnerDAO' that could not be found.


Action:

Consider defining a bean of type 'com.klnet.database.OwnerDAO' in your configuration.

[INFO ] 2020-06-03 12:06:33.086 [main] OpenApiGatheringApplication - Starting OpenApiGatheringApplication on o-PC with PID 143508 (C:\egovframeworkSample\eclipse-jee-neon-2-win32-x86_64\workspace\OpenApiGathering\target\classes started by Administrator in C:\egovframeworkSample\eclipse-jee-neon-2-win32-x86_64\workspace\OpenApiGathering)
[INFO ] 2020-06-03 12:06:33.103 [main] OpenApiGatheringApplication - No active profile set, falling back to default profiles: default
[INFO ] 2020-06-03 12:06:33.900 [main] AnnotationConfigApplicationContext - Refreshing org.springframework.context.annotation.AnnotationConfigApplicationContext@477b4cdf: startup date [Wed Jun 03 12:06:33 KST 2020]; root of context hierarchy
[WARN ] 2020-06-03 12:06:34.506 [main] ClassPathMapperScanner - No MyBatis mapper was found in '[com.klnet.owner.Db1AbstractDAO]' package. Please check your configuration.
[WARN ] 2020-06-03 12:06:34.510 [main] ClassPathMapperScanner - No MyBatis mapper was found in '[com.klnet.owner.Db2AbstractDAO]' package. Please check your configuration.
[WARN ] 2020-06-03 12:06:34.575 [main] ClassPathMapperScanner - No MyBatis mapper was found in '[com.klnet.application]' package. Please check your configuration.
[INFO ] 2020-06-03 12:06:36.770 [main] AnnotationMBeanExporter - Registering beans for JMX exposure on startup
[INFO ] 2020-06-03 12:06:36.802 [main] OpenApiGatheringApplication - Started OpenApiGatheringApplication in 6.696 seconds (JVM running for 12.371)
[INFO ] 2020-06-03 12:06:46.796 [pool-2-thread-1] CargoSmartService - START Postgressql To Oracle 0:6:46.795
[INFO ] 2020-06-03 12:06:46.797 [pool-2-thread-1] CargoSmartService - End Postgresql To Oracle:
[INFO ] 2020-06-03 12:06:51.513 [RMI TCP Connection(2)-127.0.0.1] SpringApplicationAdminMXBeanRegistrar$SpringApplicationAdmin - Application shutdown requested.
[INFO ] 2020-06-03 12:06:51.515 [RMI TCP Connection(2)-127.0.0.1] AnnotationConfigApplicationContext - Closing org.springframework.context.annotation.AnnotationConfigApplicationContext@477b4cdf: startup date [Wed Jun 03 12:06:33 KST 2020]; root of context hierarchy
[INFO ] 2020-06-03 12:06:51.519 [RMI TCP Connection(2)-127.0.0.1] AnnotationMBeanExporter - Unregistering JMX-exposed beans on shutdown
[INFO ] 2020-06-03 12:08:52.658 [main] OpenApiGatheringApplication - Starting OpenApiGatheringApplication on o-PC with PID 149196 (C:\egovframeworkSample\eclipse-jee-neon-2-win32-x86_64\workspace\OpenApiGathering\target\classes started by Administrator in C:\egovframeworkSample\eclipse-jee-neon-2-win32-x86_64\workspace\OpenApiGathering)
[INFO ] 2020-06-03 12:08:52.663 [main] OpenApiGatheringApplication - No active profile set, falling back to default profiles: default
[INFO ] 2020-06-03 12:08:52.759 [main] AnnotationConfigApplicationContext - Refreshing org.springframework.context.annotation.AnnotationConfigApplicationContext@477b4cdf: startup date [Wed Jun 03 12:08:52 KST 2020]; root of context hierarchy
[WARN ] 2020-06-03 12:08:53.236 [main] ClassPathMapperScanner - No MyBatis mapper was found in '[com.klnet.application]' package. Please check your configuration.
[WARN ] 2020-06-03 12:08:53.742 [main] AnnotationConfigApplicationContext - Exception encountered during context initialization - cancelling refresh attempt: org.springframework.beans.factory.UnsatisfiedDependencyException: Error creating bean with name 'cargoSmartService': Unsatisfied dependency expressed through field 'ownerDAO'; nested exception is org.springframework.beans.factory.UnsatisfiedDependencyException: Error creating bean with name 'ownerDAO': Unsatisfied dependency expressed through field 'sqlSession'; nested exception is org.springframework.beans.factory.NoSuchBeanDefinitionException: No qualifying bean of type 'org.mybatis.spring.SqlSessionTemplate' available: expected at least 1 bean which qualifies as autowire candidate. Dependency annotations: {@org.springframework.beans.factory.annotation.Autowired(required=true), @org.springframework.beans.factory.annotation.Qualifier(value=db1SqlSessionTemplate)}
[INFO ] 2020-06-03 12:08:53.755 [main] AutoConfigurationReportLoggingInitializer - 

Error starting ApplicationContext. To display the auto-configuration report re-run your application with 'debug' enabled.
[ERROR] 2020-06-03 12:08:53.995 [main] LoggingFailureAnalysisReporter - 

***************************
APPLICATION FAILED TO START
***************************

Description:

Field sqlSession in com.klnet.database.Db1AbstractDAO required a bean of type 'org.mybatis.spring.SqlSessionTemplate' that could not be found.


Action:

Consider defining a bean of type 'org.mybatis.spring.SqlSessionTemplate' in your configuration.

[INFO ] 2020-06-03 12:10:51.360 [main] OpenApiGatheringApplication - Starting OpenApiGatheringApplication on o-PC with PID 141332 (C:\egovframeworkSample\eclipse-jee-neon-2-win32-x86_64\workspace\OpenApiGathering\target\classes started by Administrator in C:\egovframeworkSample\eclipse-jee-neon-2-win32-x86_64\workspace\OpenApiGathering)
[INFO ] 2020-06-03 12:10:51.365 [main] OpenApiGatheringApplication - No active profile set, falling back to default profiles: default
[INFO ] 2020-06-03 12:10:51.447 [main] AnnotationConfigApplicationContext - Refreshing org.springframework.context.annotation.AnnotationConfigApplicationContext@477b4cdf: startup date [Wed Jun 03 12:10:51 KST 2020]; root of context hierarchy
[WARN ] 2020-06-03 12:10:51.864 [main] ClassPathMapperScanner - No MyBatis mapper was found in '[com.klnet.database.Db1AbstractDAO]' package. Please check your configuration.
[WARN ] 2020-06-03 12:10:51.867 [main] ClassPathMapperScanner - No MyBatis mapper was found in '[com.klnet.database.Db2AbstractDAO]' package. Please check your configuration.
[WARN ] 2020-06-03 12:10:51.932 [main] ClassPathMapperScanner - No MyBatis mapper was found in '[com.klnet.application]' package. Please check your configuration.
[INFO ] 2020-06-03 12:10:54.424 [main] AnnotationMBeanExporter - Registering beans for JMX exposure on startup
[INFO ] 2020-06-03 12:10:54.459 [main] OpenApiGatheringApplication - Started OpenApiGatheringApplication in 3.61 seconds (JVM running for 4.712)
[INFO ] 2020-06-03 12:11:04.449 [pool-2-thread-1] CargoSmartService - START Postgressql To Oracle 0:11:4.449
[INFO ] 2020-06-03 12:11:04.450 [pool-2-thread-1] CargoSmartService - End Postgresql To Oracle:
[INFO ] 2020-06-03 12:11:04.840 [RMI TCP Connection(2)-127.0.0.1] SpringApplicationAdminMXBeanRegistrar$SpringApplicationAdmin - Application shutdown requested.
[INFO ] 2020-06-03 12:11:04.841 [RMI TCP Connection(2)-127.0.0.1] AnnotationConfigApplicationContext - Closing org.springframework.context.annotation.AnnotationConfigApplicationContext@477b4cdf: startup date [Wed Jun 03 12:10:51 KST 2020]; root of context hierarchy
[INFO ] 2020-06-03 12:11:04.842 [RMI TCP Connection(2)-127.0.0.1] AnnotationMBeanExporter - Unregistering JMX-exposed beans on shutdown
[INFO ] 2020-06-03 12:11:17.598 [main] OpenApiGatheringApplication - Starting OpenApiGatheringApplication on o-PC with PID 145420 (C:\egovframeworkSample\eclipse-jee-neon-2-win32-x86_64\workspace\OpenApiGathering\target\classes started by Administrator in C:\egovframeworkSample\eclipse-jee-neon-2-win32-x86_64\workspace\OpenApiGathering)
[INFO ] 2020-06-03 12:11:17.602 [main] OpenApiGatheringApplication - No active profile set, falling back to default profiles: default
[INFO ] 2020-06-03 12:11:17.698 [main] AnnotationConfigApplicationContext - Refreshing org.springframework.context.annotation.AnnotationConfigApplicationContext@477b4cdf: startup date [Wed Jun 03 12:11:17 KST 2020]; root of context hierarchy
[WARN ] 2020-06-03 12:11:18.315 [main] ClassPathMapperScanner - No MyBatis mapper was found in '[com.klnet.application.Db1AbstractDAO]' package. Please check your configuration.
[WARN ] 2020-06-03 12:11:18.318 [main] ClassPathMapperScanner - No MyBatis mapper was found in '[com.klnet.application.Db2AbstractDAO]' package. Please check your configuration.
[WARN ] 2020-06-03 12:11:18.387 [main] ClassPathMapperScanner - No MyBatis mapper was found in '[com.klnet.application]' package. Please check your configuration.
[INFO ] 2020-06-03 12:11:19.911 [main] AnnotationMBeanExporter - Registering beans for JMX exposure on startup
[INFO ] 2020-06-03 12:11:19.942 [main] OpenApiGatheringApplication - Started OpenApiGatheringApplication in 2.831 seconds (JVM running for 3.968)
[INFO ] 2020-06-03 12:11:29.931 [pool-2-thread-1] CargoSmartService - START Postgressql To Oracle 0:11:29.930
[INFO ] 2020-06-03 12:11:29.932 [pool-2-thread-1] CargoSmartService - End Postgresql To Oracle:
[INFO ] 2020-06-03 12:11:38.567 [RMI TCP Connection(2)-127.0.0.1] SpringApplicationAdminMXBeanRegistrar$SpringApplicationAdmin - Application shutdown requested.
[INFO ] 2020-06-03 12:11:38.567 [RMI TCP Connection(2)-127.0.0.1] AnnotationConfigApplicationContext - Closing org.springframework.context.annotation.AnnotationConfigApplicationContext@477b4cdf: startup date [Wed Jun 03 12:11:17 KST 2020]; root of context hierarchy
[INFO ] 2020-06-03 12:11:38.569 [RMI TCP Connection(2)-127.0.0.1] AnnotationMBeanExporter - Unregistering JMX-exposed beans on shutdown
[INFO ] 2020-06-03 12:24:54.093 [main] OpenApiGatheringApplication - Starting OpenApiGatheringApplication on o-PC with PID 149424 (C:\egovframeworkSample\eclipse-jee-neon-2-win32-x86_64\workspace\OpenApiGathering\target\classes started by Administrator in C:\egovframeworkSample\eclipse-jee-neon-2-win32-x86_64\workspace\OpenApiGathering)
[INFO ] 2020-06-03 12:24:54.098 [main] OpenApiGatheringApplication - No active profile set, falling back to default profiles: default
[INFO ] 2020-06-03 12:24:54.170 [main] AnnotationConfigApplicationContext - Refreshing org.springframework.context.annotation.AnnotationConfigApplicationContext@477b4cdf: startup date [Wed Jun 03 12:24:54 KST 2020]; root of context hierarchy
[WARN ] 2020-06-03 12:24:54.570 [main] ClassPathMapperScanner - No MyBatis mapper was found in '[com.klnet.application.Db1AbstractDAO]' package. Please check your configuration.
[WARN ] 2020-06-03 12:24:54.575 [main] ClassPathMapperScanner - No MyBatis mapper was found in '[com.klnet.application.Db2AbstractDAO]' package. Please check your configuration.
[WARN ] 2020-06-03 12:24:54.636 [main] ClassPathMapperScanner - No MyBatis mapper was found in '[com.klnet.application]' package. Please check your configuration.
[INFO ] 2020-06-03 12:24:56.556 [main] AnnotationMBeanExporter - Registering beans for JMX exposure on startup
[INFO ] 2020-06-03 12:24:56.581 [main] OpenApiGatheringApplication - Started OpenApiGatheringApplication in 3.048 seconds (JVM running for 4.31)
[INFO ] 2020-06-03 12:25:06.573 [pool-2-thread-1] CargoSmartService - START Postgressql To Oracle 0:25:6.573
[INFO ] 2020-06-03 12:25:06.574 [pool-2-thread-1] CargoSmartService - End Postgresql To Oracle:
[INFO ] 2020-06-03 12:25:11.898 [RMI TCP Connection(2)-127.0.0.1] SpringApplicationAdminMXBeanRegistrar$SpringApplicationAdmin - Application shutdown requested.
[INFO ] 2020-06-03 12:25:11.899 [RMI TCP Connection(2)-127.0.0.1] AnnotationConfigApplicationContext - Closing org.springframework.context.annotation.AnnotationConfigApplicationContext@477b4cdf: startup date [Wed Jun 03 12:24:54 KST 2020]; root of context hierarchy
[INFO ] 2020-06-03 12:25:11.900 [RMI TCP Connection(2)-127.0.0.1] AnnotationMBeanExporter - Unregistering JMX-exposed beans on shutdown
[INFO ] 2020-06-03 12:25:35.596 [main] OpenApiGatheringApplication - Starting OpenApiGatheringApplication on o-PC with PID 141992 (C:\egovframeworkSample\eclipse-jee-neon-2-win32-x86_64\workspace\OpenApiGathering\target\classes started by Administrator in C:\egovframeworkSample\eclipse-jee-neon-2-win32-x86_64\workspace\OpenApiGathering)
[INFO ] 2020-06-03 12:25:35.601 [main] OpenApiGatheringApplication - No active profile set, falling back to default profiles: default
[INFO ] 2020-06-03 12:25:35.706 [main] AnnotationConfigApplicationContext - Refreshing org.springframework.context.annotation.AnnotationConfigApplicationContext@477b4cdf: startup date [Wed Jun 03 12:25:35 KST 2020]; root of context hierarchy
[WARN ] 2020-06-03 12:25:36.282 [main] ClassPathMapperScanner - No MyBatis mapper was found in '[com.klnet.application.Db1AbstractDAO]' package. Please check your configuration.
[WARN ] 2020-06-03 12:25:36.286 [main] ClassPathMapperScanner - No MyBatis mapper was found in '[com.klnet.application.Db2AbstractDAO]' package. Please check your configuration.
[WARN ] 2020-06-03 12:25:36.389 [main] ClassPathMapperScanner - No MyBatis mapper was found in '[com.klnet.application]' package. Please check your configuration.
[INFO ] 2020-06-03 12:25:38.060 [main] AnnotationMBeanExporter - Registering beans for JMX exposure on startup
[INFO ] 2020-06-03 12:25:38.092 [main] OpenApiGatheringApplication - Started OpenApiGatheringApplication in 3.034 seconds (JVM running for 4.481)
[INFO ] 2020-06-03 12:25:39.087 [pool-2-thread-1] CargoSmartService$$EnhancerBySpringCGLIB$$40267174 - START Postgressql To Oracle 0:25:39.86
[INFO ] 2020-06-03 12:25:39.088 [pool-2-thread-1] CargoSmartService$$EnhancerBySpringCGLIB$$40267174 - End Postgresql To Oracle:
[INFO ] 2020-06-03 12:26:02.923 [RMI TCP Connection(2)-127.0.0.1] SpringApplicationAdminMXBeanRegistrar$SpringApplicationAdmin - Application shutdown requested.
[INFO ] 2020-06-03 12:26:02.923 [RMI TCP Connection(2)-127.0.0.1] AnnotationConfigApplicationContext - Closing org.springframework.context.annotation.AnnotationConfigApplicationContext@477b4cdf: startup date [Wed Jun 03 12:25:35 KST 2020]; root of context hierarchy
[INFO ] 2020-06-03 12:26:02.925 [RMI TCP Connection(2)-127.0.0.1] AnnotationMBeanExporter - Unregistering JMX-exposed beans on shutdown
[INFO ] 2020-06-03 12:32:08.749 [main] OpenApiGatheringApplication - Starting OpenApiGatheringApplication on o-PC with PID 149252 (C:\egovframeworkSample\eclipse-jee-neon-2-win32-x86_64\workspace\OpenApiGathering\target\classes started by Administrator in C:\egovframeworkSample\eclipse-jee-neon-2-win32-x86_64\workspace\OpenApiGathering)
[INFO ] 2020-06-03 12:32:08.757 [main] OpenApiGatheringApplication - No active profile set, falling back to default profiles: default
[INFO ] 2020-06-03 12:32:08.848 [main] AnnotationConfigApplicationContext - Refreshing org.springframework.context.annotation.AnnotationConfigApplicationContext@477b4cdf: startup date [Wed Jun 03 12:32:08 KST 2020]; root of context hierarchy
[WARN ] 2020-06-03 12:32:09.342 [main] ClassPathMapperScanner - No MyBatis mapper was found in '[com.klnet.application.Db1AbstractDAO]' package. Please check your configuration.
[WARN ] 2020-06-03 12:32:09.347 [main] ClassPathMapperScanner - No MyBatis mapper was found in '[com.klnet.application.Db2AbstractDAO]' package. Please check your configuration.
[WARN ] 2020-06-03 12:32:09.419 [main] ClassPathMapperScanner - No MyBatis mapper was found in '[com.klnet.application]' package. Please check your configuration.
[INFO ] 2020-06-03 12:32:11.266 [main] AnnotationMBeanExporter - Registering beans for JMX exposure on startup
[INFO ] 2020-06-03 12:32:11.291 [main] OpenApiGatheringApplication - Started OpenApiGatheringApplication in 3.196 seconds (JVM running for 4.815)
[INFO ] 2020-06-03 12:32:12.286 [pool-2-thread-1] CargoSmartService$$EnhancerBySpringCGLIB$$e764ca76 - START Postgressql To Oracle 0:32:12.285
[INFO ] 2020-06-03 12:32:12.287 [pool-2-thread-1] CargoSmartService$$EnhancerBySpringCGLIB$$e764ca76 - End Postgresql To Oracle:
[INFO ] 2020-06-03 12:32:30.680 [RMI TCP Connection(3)-127.0.0.1] SpringApplicationAdminMXBeanRegistrar$SpringApplicationAdmin - Application shutdown requested.
[INFO ] 2020-06-03 12:32:30.681 [RMI TCP Connection(3)-127.0.0.1] AnnotationConfigApplicationContext - Closing org.springframework.context.annotation.AnnotationConfigApplicationContext@477b4cdf: startup date [Wed Jun 03 12:32:08 KST 2020]; root of context hierarchy
[INFO ] 2020-06-03 12:32:30.682 [RMI TCP Connection(3)-127.0.0.1] AnnotationMBeanExporter - Unregistering JMX-exposed beans on shutdown
[INFO ] 2020-06-03 12:32:43.607 [main] OpenApiGatheringApplication - Starting OpenApiGatheringApplication on o-PC with PID 148712 (C:\egovframeworkSample\eclipse-jee-neon-2-win32-x86_64\workspace\OpenApiGathering\target\classes started by Administrator in C:\egovframeworkSample\eclipse-jee-neon-2-win32-x86_64\workspace\OpenApiGathering)
[INFO ] 2020-06-03 12:32:43.613 [main] OpenApiGatheringApplication - No active profile set, falling back to default profiles: default
[INFO ] 2020-06-03 12:32:43.702 [main] AnnotationConfigApplicationContext - Refreshing org.springframework.context.annotation.AnnotationConfigApplicationContext@477b4cdf: startup date [Wed Jun 03 12:32:43 KST 2020]; root of context hierarchy
[WARN ] 2020-06-03 12:32:44.237 [main] ClassPathMapperScanner - No MyBatis mapper was found in '[com.klnet.application.Db1AbstractDAO]' package. Please check your configuration.
[WARN ] 2020-06-03 12:32:44.301 [main] ClassPathMapperScanner - No MyBatis mapper was found in '[com.klnet.application.Db2AbstractDAO]' package. Please check your configuration.
[WARN ] 2020-06-03 12:32:44.397 [main] ClassPathMapperScanner - No MyBatis mapper was found in '[com.klnet.application]' package. Please check your configuration.
[INFO ] 2020-06-03 12:32:46.010 [main] AnnotationMBeanExporter - Registering beans for JMX exposure on startup
[INFO ] 2020-06-03 12:32:46.038 [main] OpenApiGatheringApplication - Started OpenApiGatheringApplication in 3.075 seconds (JVM running for 4.694)
[INFO ] 2020-06-03 12:32:47.032 [pool-2-thread-1] CargoSmartService$$EnhancerBySpringCGLIB$$db9da690 - START Postgressql To Oracle 0:32:47.32
[INFO ] 2020-06-03 12:32:47.034 [pool-2-thread-1] CargoSmartService$$EnhancerBySpringCGLIB$$db9da690 - End Postgresql To Oracle:
[INFO ] 2020-06-03 12:32:53.716 [RMI TCP Connection(2)-127.0.0.1] SpringApplicationAdminMXBeanRegistrar$SpringApplicationAdmin - Application shutdown requested.
[INFO ] 2020-06-03 12:32:53.717 [RMI TCP Connection(2)-127.0.0.1] AnnotationConfigApplicationContext - Closing org.springframework.context.annotation.AnnotationConfigApplicationContext@477b4cdf: startup date [Wed Jun 03 12:32:43 KST 2020]; root of context hierarchy
[INFO ] 2020-06-03 12:32:53.719 [RMI TCP Connection(2)-127.0.0.1] AnnotationMBeanExporter - Unregistering JMX-exposed beans on shutdown
[INFO ] 2020-06-03 12:38:35.988 [main] OpenApiGatheringApplication - Starting OpenApiGatheringApplication on o-PC with PID 144404 (C:\egovframeworkSample\eclipse-jee-neon-2-win32-x86_64\workspace\OpenApiGathering\target\classes started by Administrator in C:\egovframeworkSample\eclipse-jee-neon-2-win32-x86_64\workspace\OpenApiGathering)
[INFO ] 2020-06-03 12:38:36.007 [main] OpenApiGatheringApplication - No active profile set, falling back to default profiles: default
[INFO ] 2020-06-03 12:38:36.152 [main] AnnotationConfigApplicationContext - Refreshing org.springframework.context.annotation.AnnotationConfigApplicationContext@477b4cdf: startup date [Wed Jun 03 12:38:36 KST 2020]; root of context hierarchy
[WARN ] 2020-06-03 12:38:36.855 [main] ClassPathMapperScanner - No MyBatis mapper was found in '[com.klnet.application.Db1AbstractDAO]' package. Please check your configuration.
[WARN ] 2020-06-03 12:38:36.860 [main] ClassPathMapperScanner - No MyBatis mapper was found in '[com.klnet.application.Db2AbstractDAO]' package. Please check your configuration.
[WARN ] 2020-06-03 12:38:36.976 [main] ClassPathMapperScanner - No MyBatis mapper was found in '[com.klnet.application]' package. Please check your configuration.
[INFO ] 2020-06-03 12:38:38.901 [main] AnnotationMBeanExporter - Registering beans for JMX exposure on startup
[INFO ] 2020-06-03 12:38:38.932 [main] OpenApiGatheringApplication - Started OpenApiGatheringApplication in 3.846 seconds (JVM running for 6.387)
[INFO ] 2020-06-03 12:38:39.931 [pool-2-thread-1] CargoSmartService$$EnhancerBySpringCGLIB$$968d07b7 - START Postgressql To Oracle 0:38:39.930
[INFO ] 2020-06-03 12:38:39.938 [pool-2-thread-1] CargoSmartService$$EnhancerBySpringCGLIB$$968d07b7 - End Postgresql To Oracle:
[INFO ] 2020-06-03 12:38:48.552 [RMI TCP Connection(2)-127.0.0.1] SpringApplicationAdminMXBeanRegistrar$SpringApplicationAdmin - Application shutdown requested.
[INFO ] 2020-06-03 12:38:48.553 [RMI TCP Connection(2)-127.0.0.1] AnnotationConfigApplicationContext - Closing org.springframework.context.annotation.AnnotationConfigApplicationContext@477b4cdf: startup date [Wed Jun 03 12:38:36 KST 2020]; root of context hierarchy
[INFO ] 2020-06-03 12:38:48.554 [RMI TCP Connection(2)-127.0.0.1] AnnotationMBeanExporter - Unregistering JMX-exposed beans on shutdown
[INFO ] 2020-06-03 12:39:08.450 [main] OpenApiGatheringApplication - Starting OpenApiGatheringApplication on o-PC with PID 147960 (C:\egovframeworkSample\eclipse-jee-neon-2-win32-x86_64\workspace\OpenApiGathering\target\classes started by Administrator in C:\egovframeworkSample\eclipse-jee-neon-2-win32-x86_64\workspace\OpenApiGathering)
[INFO ] 2020-06-03 12:39:08.454 [main] OpenApiGatheringApplication - No active profile set, falling back to default profiles: default
[INFO ] 2020-06-03 12:39:08.519 [main] AnnotationConfigApplicationContext - Refreshing org.springframework.context.annotation.AnnotationConfigApplicationContext@477b4cdf: startup date [Wed Jun 03 12:39:08 KST 2020]; root of context hierarchy
[WARN ] 2020-06-03 12:39:08.994 [main] ClassPathMapperScanner - No MyBatis mapper was found in '[com.klnet.application.Db1AbstractDAO]' package. Please check your configuration.
[WARN ] 2020-06-03 12:39:08.997 [main] ClassPathMapperScanner - No MyBatis mapper was found in '[com.klnet.application.Db2AbstractDAO]' package. Please check your configuration.
[WARN ] 2020-06-03 12:39:09.064 [main] ClassPathMapperScanner - No MyBatis mapper was found in '[com.klnet.application]' package. Please check your configuration.
[INFO ] 2020-06-03 12:39:10.759 [main] AnnotationMBeanExporter - Registering beans for JMX exposure on startup
[INFO ] 2020-06-03 12:39:10.790 [main] OpenApiGatheringApplication - Started OpenApiGatheringApplication in 2.95 seconds (JVM running for 4.297)
[INFO ] 2020-06-03 12:39:11.785 [pool-2-thread-1] CargoSmartService$$EnhancerBySpringCGLIB$$12c02dee - START Postgressql To Oracle 0:39:11.785
[INFO ] 2020-06-03 12:39:11.786 [pool-2-thread-1] CargoSmartService$$EnhancerBySpringCGLIB$$12c02dee - End Postgresql To Oracle:
[INFO ] 2020-06-03 12:39:14.880 [RMI TCP Connection(2)-127.0.0.1] SpringApplicationAdminMXBeanRegistrar$SpringApplicationAdmin - Application shutdown requested.
[INFO ] 2020-06-03 12:39:14.881 [RMI TCP Connection(2)-127.0.0.1] AnnotationConfigApplicationContext - Closing org.springframework.context.annotation.AnnotationConfigApplicationContext@477b4cdf: startup date [Wed Jun 03 12:39:08 KST 2020]; root of context hierarchy
[INFO ] 2020-06-03 12:39:14.882 [RMI TCP Connection(2)-127.0.0.1] AnnotationMBeanExporter - Unregistering JMX-exposed beans on shutdown
[INFO ] 2020-06-03 12:41:12.764 [main] OpenApiGatheringApplication - Starting OpenApiGatheringApplication on o-PC with PID 116048 (C:\egovframeworkSample\eclipse-jee-neon-2-win32-x86_64\workspace\OpenApiGathering\target\classes started by Administrator in C:\egovframeworkSample\eclipse-jee-neon-2-win32-x86_64\workspace\OpenApiGathering)
[INFO ] 2020-06-03 12:41:12.782 [main] OpenApiGatheringApplication - No active profile set, falling back to default profiles: default
[INFO ] 2020-06-03 12:41:12.880 [main] AnnotationConfigApplicationContext - Refreshing org.springframework.context.annotation.AnnotationConfigApplicationContext@477b4cdf: startup date [Wed Jun 03 12:41:12 KST 2020]; root of context hierarchy
[WARN ] 2020-06-03 12:41:13.381 [main] ClassPathMapperScanner - No MyBatis mapper was found in '[com.klnet.application.Db1AbstractDAO]' package. Please check your configuration.
[WARN ] 2020-06-03 12:41:13.385 [main] ClassPathMapperScanner - No MyBatis mapper was found in '[com.klnet.application.Db2AbstractDAO]' package. Please check your configuration.
[WARN ] 2020-06-03 12:41:13.485 [main] ClassPathMapperScanner - No MyBatis mapper was found in '[com.klnet.application]' package. Please check your configuration.
[INFO ] 2020-06-03 12:41:15.582 [main] AnnotationMBeanExporter - Registering beans for JMX exposure on startup
[INFO ] 2020-06-03 12:41:15.605 [main] OpenApiGatheringApplication - Started OpenApiGatheringApplication in 3.525 seconds (JVM running for 5.243)
[INFO ] 2020-06-03 12:41:16.601 [pool-2-thread-1] CargoSmartService - START Postgressql To Oracle 0:41:16.601
[INFO ] 2020-06-03 12:41:16.603 [pool-2-thread-1] CargoSmartService - End Postgresql To Oracle:
[INFO ] 2020-06-03 12:42:21.254 [RMI TCP Connection(2)-127.0.0.1] SpringApplicationAdminMXBeanRegistrar$SpringApplicationAdmin - Application shutdown requested.
[INFO ] 2020-06-03 12:42:21.256 [RMI TCP Connection(2)-127.0.0.1] AnnotationConfigApplicationContext - Closing org.springframework.context.annotation.AnnotationConfigApplicationContext@477b4cdf: startup date [Wed Jun 03 12:41:12 KST 2020]; root of context hierarchy
[INFO ] 2020-06-03 12:42:21.258 [RMI TCP Connection(2)-127.0.0.1] AnnotationMBeanExporter - Unregistering JMX-exposed beans on shutdown
